#
# There is insufficient memory for the Java Runtime Environment to continue.
# Native memory allocation (malloc) failed to allocate 269616 bytes for Chunk::new
# Possible reasons:
#   The system is out of physical RAM or swap space
#   The process is running with CompressedOops enabled, and the Java Heap may be blocking the growth of the native heap
# Possible solutions:
#   Reduce memory load on the system
#   Increase physical memory or swap space
#   Check if swap backing store is full
#   Decrease Java heap size (-Xmx/-Xms)
#   Decrease number of Java threads
#   Decrease Java thread stack sizes (-Xss)
#   Set larger code cache with -XX:ReservedCodeCacheSize=
#   JVM is running with Zero Based Compressed Oops mode in which the Java heap is
#     placed in the first 32GB address space. The Java Heap base address is the
#     maximum limit for the native heap growth. Please use -XX:HeapBaseMinAddress
#     to set the Java Heap base and to place the Java Heap above 32GB virtual address.
# This output file may be truncated or incomplete.
#
#  Out of Memory Error (t:/workspace/open/src/hotspot/share/memory/arena.cpp:197), pid=25196, tid=37824
#
# JRE version: Java(TM) SE Runtime Environment (11.0.5+10) (build 11.0.5+10-LTS)
# Java VM: Java HotSpot(TM) 64-Bit Server VM (11.0.5+10-LTS, mixed mode, tiered, compressed oops, g1 gc, windows-amd64)
# No core dump will be written. Minidumps are not enabled by default on client versions of Windows
#

---------------  S U M M A R Y ------------

Command Line: -ea -Dfile.encoding=Cp1252 org.testng.remote.RemoteTestNG -serport 54672 -protocol json -d D:\Eclipse\Amazon_Assignment\test-output C:\Users\ANAMIK~1\AppData\Local\Temp\testng-eclipse--1884764497\testng-customsuite.xml

Host: Intel(R) Core(TM) i5-8250U CPU @ 1.60GHz, 8 cores, 15G,  Windows 10 , 64 bit Build 17763 (10.0.17763.475)
Time: Wed May 20 00:37:58 2020 India Standard Time elapsed time: 12 seconds (0d 0h 0m 12s)

---------------  T H R E A D  ---------------

Current thread (0x00000184dcf92800):  JavaThread "C2 CompilerThread0" daemon [_thread_in_native, id=37824, stack(0x000000421d600000,0x000000421d700000)]


Current CompileTask:
C2:  12701 1961       4       java.net.URLStreamHandler::setURL (73 bytes)

Stack: [0x000000421d600000,0x000000421d700000]
Native frames: (J=compiled Java code, j=interpreted, Vv=VM code, C=native code)
V  [jvm.dll+0x63611a]
V  [jvm.dll+0x77426f]
V  [jvm.dll+0x77591a]
V  [jvm.dll+0x775fd3]
V  [jvm.dll+0x25e608]
V  [jvm.dll+0xc1f31]
V  [jvm.dll+0xc24bc]
V  [jvm.dll+0x36db27]
V  [jvm.dll+0x33ab93]
V  [jvm.dll+0x339f6a]
V  [jvm.dll+0x218485]
V  [jvm.dll+0x21762a]
V  [jvm.dll+0x1941bc]
V  [jvm.dll+0x226684]
V  [jvm.dll+0x224c78]
V  [jvm.dll+0x7396cd]
V  [jvm.dll+0x6351c2]
C  [ucrtbase.dll+0x21ffa]
C  [KERNEL32.DLL+0x17974]
C  [ntdll.dll+0x6a271]


---------------  P R O C E S S  ---------------

Threads class SMR info:
_java_thread_list=0x00000184de31a400, length=17, elements={
0x00000184b8dab000, 0x00000184dcef5800, 0x00000184dcef7000, 0x00000184dcf8f800,
0x00000184dcf90800, 0x00000184dcf92800, 0x00000184dcf45800, 0x00000184dcf46000,
0x00000184dd0f0000, 0x00000184dd0f4000, 0x00000184dd6af800, 0x00000184de5d0000,
0x00000184de3ab000, 0x00000184de3dc800, 0x00000184de3dd800, 0x00000184dd589800,
0x00000184de583000
}

Java Threads: ( => current thread )
  0x00000184b8dab000 JavaThread "main" [_thread_in_Java, id=31276, stack(0x000000421cb00000,0x000000421cc00000)]
  0x00000184dcef5800 JavaThread "Reference Handler" daemon [_thread_blocked, id=31200, stack(0x000000421d200000,0x000000421d300000)]
  0x00000184dcef7000 JavaThread "Finalizer" daemon [_thread_blocked, id=26816, stack(0x000000421d300000,0x000000421d400000)]
  0x00000184dcf8f800 JavaThread "Signal Dispatcher" daemon [_thread_blocked, id=37636, stack(0x000000421d400000,0x000000421d500000)]
  0x00000184dcf90800 JavaThread "Attach Listener" daemon [_thread_blocked, id=12808, stack(0x000000421d500000,0x000000421d600000)]
=>0x00000184dcf92800 JavaThread "C2 CompilerThread0" daemon [_thread_in_native, id=37824, stack(0x000000421d600000,0x000000421d700000)]
  0x00000184dcf45800 JavaThread "C1 CompilerThread0" daemon [_thread_blocked, id=18668, stack(0x000000421d700000,0x000000421d800000)]
  0x00000184dcf46000 JavaThread "Sweeper thread" daemon [_thread_blocked, id=33152, stack(0x000000421d800000,0x000000421d900000)]
  0x00000184dd0f0000 JavaThread "Service Thread" daemon [_thread_blocked, id=21816, stack(0x000000421d900000,0x000000421da00000)]
  0x00000184dd0f4000 JavaThread "Common-Cleaner" daemon [_thread_blocked, id=36924, stack(0x000000421db00000,0x000000421dc00000)]
  0x00000184dd6af800 JavaThread "ReaderThread" [_thread_in_native, id=38988, stack(0x000000421de00000,0x000000421df00000)]
  0x00000184de5d0000 JavaThread "Exec Default Executor" daemon [_thread_in_native, id=23924, stack(0x000000421e600000,0x000000421e700000)]
  0x00000184de3ab000 JavaThread "UrlChecker-2" daemon [_thread_blocked, id=38296, stack(0x000000421e700000,0x000000421e800000)]
  0x00000184de3dc800 JavaThread "Exec Stream Pumper" daemon [_thread_in_native, id=39508, stack(0x000000421e900000,0x000000421ea00000)]
  0x00000184de3dd800 JavaThread "Exec Stream Pumper" daemon [_thread_in_native, id=39844, stack(0x000000421ea00000,0x000000421eb00000)]
  0x00000184dd589800 JavaThread "OkHttp ConnectionPool" daemon [_thread_blocked, id=39416, stack(0x000000421e500000,0x000000421e600000)]
  0x00000184de583000 JavaThread "Okio Watchdog" daemon [_thread_blocked, id=35104, stack(0x000000421eb00000,0x000000421ec00000)]

Other Threads:
  0x00000184dcef2800 VMThread "VM Thread" [stack: 0x000000421d100000,0x000000421d200000] [id=39660]
  0x00000184dd0f8800 WatcherThread [stack: 0x000000421da00000,0x000000421db00000] [id=37312]
  0x00000184b8dc3000 GCTaskThread "GC Thread#0" [stack: 0x000000421cc00000,0x000000421cd00000] [id=12712]
  0x00000184dd5c7000 GCTaskThread "GC Thread#1" [stack: 0x000000421df00000,0x000000421e000000] [id=39312]
  0x00000184dd5c8000 GCTaskThread "GC Thread#2" [stack: 0x000000421e000000,0x000000421e100000] [id=32616]
  0x00000184de137800 GCTaskThread "GC Thread#3" [stack: 0x000000421e100000,0x000000421e200000] [id=39376]
  0x00000184de138000 GCTaskThread "GC Thread#4" [stack: 0x000000421e200000,0x000000421e300000] [id=25628]
  0x00000184ddb3f800 GCTaskThread "GC Thread#5" [stack: 0x000000421e300000,0x000000421e400000] [id=38848]
  0x00000184b8e1d000 ConcurrentGCThread "G1 Main Marker" [stack: 0x000000421cd00000,0x000000421ce00000] [id=34208]
  0x00000184b8e1e800 ConcurrentGCThread "G1 Conc#0" [stack: 0x000000421ce00000,0x000000421cf00000] [id=24740]
  0x00000184de2e1800 ConcurrentGCThread "G1 Conc#1" [stack: 0x000000421e800000,0x000000421e900000] [id=33088]
  0x00000184dc55a800 ConcurrentGCThread "G1 Refine#0" [stack: 0x000000421cf00000,0x000000421d000000] [id=11764]
  0x00000184de2f1000 ConcurrentGCThread "G1 Refine#1" [stack: 0x000000421e400000,0x000000421e500000] [id=39344]
  0x00000184dc55b800 ConcurrentGCThread "G1 Young RemSet Sampling" [stack: 0x000000421d000000,0x000000421d100000] [id=25076]

Threads with active compile tasks:
C2 CompilerThread01961       4       java.net.URLStreamHandler::setURL (73 bytes)

VM state:not at safepoint (normal execution)

VM Mutex/Monitor currently owned by a thread: None

OutOfMemory and StackOverflow Exception counts:
OutOfMemoryError java_heap_errors=1
LinkageErrors=36

Heap address: 0x0000000702400000, size: 4060 MB, Compressed Oops mode: Zero based, Oop shift amount: 3
Narrow klass base: 0x0000000800000000, Narrow klass shift: 0
Compressed class space size: 1073741824 Address: 0x0000000800000000

Heap:
 garbage-first heap   total 260096K, used 27537K [0x0000000702400000, 0x0000000800000000)
  region size 1024K, 22 young (22528K), 2 survivors (2048K)
 Metaspace       used 25628K, capacity 26263K, committed 26416K, reserved 1073152K
  class space    used 2857K, capacity 3109K, committed 3200K, reserved 1048576K
Heap Regions: E=young(eden), S=young(survivor), O=old, HS=humongous(starts), HC=humongous(continues), CS=collection set, F=free, A=archive, TAMS=top-at-mark-start (previous, next)
|   0|0x0000000702400000, 0x0000000702500000, 0x0000000702500000|100%| O|  |TAMS 0x0000000702500000, 0x0000000702400000| Untracked 
|   1|0x0000000702500000, 0x0000000702600000, 0x0000000702600000|100%| O|  |TAMS 0x0000000702600000, 0x0000000702500000| Untracked 
|   2|0x0000000702600000, 0x0000000702700000, 0x0000000702700000|100%| O|  |TAMS 0x0000000702700000, 0x0000000702600000| Untracked 
|   3|0x0000000702700000, 0x0000000702800000, 0x0000000702800000|100%| O|  |TAMS 0x0000000702800000, 0x0000000702700000| Untracked 
|   4|0x0000000702800000, 0x0000000702900000, 0x0000000702900000|100%| O|  |TAMS 0x0000000702900000, 0x0000000702800000| Untracked 
|   5|0x0000000702900000, 0x0000000702a00000, 0x0000000702a00000|100%| O|  |TAMS 0x0000000702a00000, 0x0000000702900000| Untracked 
|   6|0x0000000702a00000, 0x0000000702a2a000, 0x0000000702b00000| 16%| O|  |TAMS 0x0000000702a2a000, 0x0000000702a00000| Untracked 
|   7|0x0000000702b00000, 0x0000000702b00000, 0x0000000702c00000|  0%| F|  |TAMS 0x0000000702b00000, 0x0000000702b00000| Untracked 
|   8|0x0000000702c00000, 0x0000000702c00000, 0x0000000702d00000|  0%| F|  |TAMS 0x0000000702c00000, 0x0000000702c00000| Untracked 
|   9|0x0000000702d00000, 0x0000000702d00000, 0x0000000702e00000|  0%| F|  |TAMS 0x0000000702d00000, 0x0000000702d00000| Untracked 
|  10|0x0000000702e00000, 0x0000000702e00000, 0x0000000702f00000|  0%| F|  |TAMS 0x0000000702e00000, 0x0000000702e00000| Untracked 
|  11|0x0000000702f00000, 0x0000000702f00000, 0x0000000703000000|  0%| F|  |TAMS 0x0000000702f00000, 0x0000000702f00000| Untracked 
|  12|0x0000000703000000, 0x0000000703000000, 0x0000000703100000|  0%| F|  |TAMS 0x0000000703000000, 0x0000000703000000| Untracked 
|  13|0x0000000703100000, 0x0000000703100000, 0x0000000703200000|  0%| F|  |TAMS 0x0000000703100000, 0x0000000703100000| Untracked 
|  14|0x0000000703200000, 0x0000000703200000, 0x0000000703300000|  0%| F|  |TAMS 0x0000000703200000, 0x0000000703200000| Untracked 
|  15|0x0000000703300000, 0x0000000703300000, 0x0000000703400000|  0%| F|  |TAMS 0x0000000703300000, 0x0000000703300000| Untracked 
|  16|0x0000000703400000, 0x0000000703400000, 0x0000000703500000|  0%| F|  |TAMS 0x0000000703400000, 0x0000000703400000| Untracked 
|  17|0x0000000703500000, 0x0000000703500000, 0x0000000703600000|  0%| F|  |TAMS 0x0000000703500000, 0x0000000703500000| Untracked 
|  18|0x0000000703600000, 0x0000000703600000, 0x0000000703700000|  0%| F|  |TAMS 0x0000000703600000, 0x0000000703600000| Untracked 
|  19|0x0000000703700000, 0x0000000703700000, 0x0000000703800000|  0%| F|  |TAMS 0x0000000703700000, 0x0000000703700000| Untracked 
|  20|0x0000000703800000, 0x0000000703800000, 0x0000000703900000|  0%| F|  |TAMS 0x0000000703800000, 0x0000000703800000| Untracked 
|  21|0x0000000703900000, 0x0000000703900000, 0x0000000703a00000|  0%| F|  |TAMS 0x0000000703900000, 0x0000000703900000| Untracked 
|  22|0x0000000703a00000, 0x0000000703a00000, 0x0000000703b00000|  0%| F|  |TAMS 0x0000000703a00000, 0x0000000703a00000| Untracked 
|  23|0x0000000703b00000, 0x0000000703b00000, 0x0000000703c00000|  0%| F|  |TAMS 0x0000000703b00000, 0x0000000703b00000| Untracked 
|  24|0x0000000703c00000, 0x0000000703c00000, 0x0000000703d00000|  0%| F|  |TAMS 0x0000000703c00000, 0x0000000703c00000| Untracked 
|  25|0x0000000703d00000, 0x0000000703d00000, 0x0000000703e00000|  0%| F|  |TAMS 0x0000000703d00000, 0x0000000703d00000| Untracked 
|  26|0x0000000703e00000, 0x0000000703e00000, 0x0000000703f00000|  0%| F|  |TAMS 0x0000000703e00000, 0x0000000703e00000| Untracked 
|  27|0x0000000703f00000, 0x0000000703f00000, 0x0000000704000000|  0%| F|  |TAMS 0x0000000703f00000, 0x0000000703f00000| Untracked 
|  28|0x0000000704000000, 0x0000000704000000, 0x0000000704100000|  0%| F|  |TAMS 0x0000000704000000, 0x0000000704000000| Untracked 
|  29|0x0000000704100000, 0x0000000704100000, 0x0000000704200000|  0%| F|  |TAMS 0x0000000704100000, 0x0000000704100000| Untracked 
|  30|0x0000000704200000, 0x0000000704200000, 0x0000000704300000|  0%| F|  |TAMS 0x0000000704200000, 0x0000000704200000| Untracked 
|  31|0x0000000704300000, 0x0000000704300000, 0x0000000704400000|  0%| F|  |TAMS 0x0000000704300000, 0x0000000704300000| Untracked 
|  32|0x0000000704400000, 0x0000000704400000, 0x0000000704500000|  0%| F|  |TAMS 0x0000000704400000, 0x0000000704400000| Untracked 
|  33|0x0000000704500000, 0x0000000704500000, 0x0000000704600000|  0%| F|  |TAMS 0x0000000704500000, 0x0000000704500000| Untracked 
|  34|0x0000000704600000, 0x0000000704600000, 0x0000000704700000|  0%| F|  |TAMS 0x0000000704600000, 0x0000000704600000| Untracked 
|  35|0x0000000704700000, 0x0000000704700000, 0x0000000704800000|  0%| F|  |TAMS 0x0000000704700000, 0x0000000704700000| Untracked 
|  36|0x0000000704800000, 0x0000000704800000, 0x0000000704900000|  0%| F|  |TAMS 0x0000000704800000, 0x0000000704800000| Untracked 
|  37|0x0000000704900000, 0x0000000704900000, 0x0000000704a00000|  0%| F|  |TAMS 0x0000000704900000, 0x0000000704900000| Untracked 
|  38|0x0000000704a00000, 0x0000000704a00000, 0x0000000704b00000|  0%| F|  |TAMS 0x0000000704a00000, 0x0000000704a00000| Untracked 
|  39|0x0000000704b00000, 0x0000000704b00000, 0x0000000704c00000|  0%| F|  |TAMS 0x0000000704b00000, 0x0000000704b00000| Untracked 
|  40|0x0000000704c00000, 0x0000000704c00000, 0x0000000704d00000|  0%| F|  |TAMS 0x0000000704c00000, 0x0000000704c00000| Untracked 
|  41|0x0000000704d00000, 0x0000000704d00000, 0x0000000704e00000|  0%| F|  |TAMS 0x0000000704d00000, 0x0000000704d00000| Untracked 
|  42|0x0000000704e00000, 0x0000000704e00000, 0x0000000704f00000|  0%| F|  |TAMS 0x0000000704e00000, 0x0000000704e00000| Untracked 
|  43|0x0000000704f00000, 0x0000000704f00000, 0x0000000705000000|  0%| F|  |TAMS 0x0000000704f00000, 0x0000000704f00000| Untracked 
|  44|0x0000000705000000, 0x0000000705000000, 0x0000000705100000|  0%| F|  |TAMS 0x0000000705000000, 0x0000000705000000| Untracked 
|  45|0x0000000705100000, 0x0000000705100000, 0x0000000705200000|  0%| F|  |TAMS 0x0000000705100000, 0x0000000705100000| Untracked 
|  46|0x0000000705200000, 0x0000000705200000, 0x0000000705300000|  0%| F|  |TAMS 0x0000000705200000, 0x0000000705200000| Untracked 
|  47|0x0000000705300000, 0x0000000705300000, 0x0000000705400000|  0%| F|  |TAMS 0x0000000705300000, 0x0000000705300000| Untracked 
|  48|0x0000000705400000, 0x0000000705400000, 0x0000000705500000|  0%| F|  |TAMS 0x0000000705400000, 0x0000000705400000| Untracked 
|  49|0x0000000705500000, 0x0000000705500000, 0x0000000705600000|  0%| F|  |TAMS 0x0000000705500000, 0x0000000705500000| Untracked 
|  50|0x0000000705600000, 0x0000000705600000, 0x0000000705700000|  0%| F|  |TAMS 0x0000000705600000, 0x0000000705600000| Untracked 
|  51|0x0000000705700000, 0x0000000705700000, 0x0000000705800000|  0%| F|  |TAMS 0x0000000705700000, 0x0000000705700000| Untracked 
|  52|0x0000000705800000, 0x0000000705800000, 0x0000000705900000|  0%| F|  |TAMS 0x0000000705800000, 0x0000000705800000| Untracked 
|  53|0x0000000705900000, 0x0000000705900000, 0x0000000705a00000|  0%| F|  |TAMS 0x0000000705900000, 0x0000000705900000| Untracked 
|  54|0x0000000705a00000, 0x0000000705a00000, 0x0000000705b00000|  0%| F|  |TAMS 0x0000000705a00000, 0x0000000705a00000| Untracked 
|  55|0x0000000705b00000, 0x0000000705b00000, 0x0000000705c00000|  0%| F|  |TAMS 0x0000000705b00000, 0x0000000705b00000| Untracked 
|  56|0x0000000705c00000, 0x0000000705c00000, 0x0000000705d00000|  0%| F|  |TAMS 0x0000000705c00000, 0x0000000705c00000| Untracked 
|  57|0x0000000705d00000, 0x0000000705d00000, 0x0000000705e00000|  0%| F|  |TAMS 0x0000000705d00000, 0x0000000705d00000| Untracked 
|  58|0x0000000705e00000, 0x0000000705e00000, 0x0000000705f00000|  0%| F|  |TAMS 0x0000000705e00000, 0x0000000705e00000| Untracked 
|  59|0x0000000705f00000, 0x0000000705f00000, 0x0000000706000000|  0%| F|  |TAMS 0x0000000705f00000, 0x0000000705f00000| Untracked 
|  60|0x0000000706000000, 0x0000000706000000, 0x0000000706100000|  0%| F|  |TAMS 0x0000000706000000, 0x0000000706000000| Untracked 
|  61|0x0000000706100000, 0x0000000706100000, 0x0000000706200000|  0%| F|  |TAMS 0x0000000706100000, 0x0000000706100000| Untracked 
|  62|0x0000000706200000, 0x0000000706200000, 0x0000000706300000|  0%| F|  |TAMS 0x0000000706200000, 0x0000000706200000| Untracked 
|  63|0x0000000706300000, 0x0000000706300000, 0x0000000706400000|  0%| F|  |TAMS 0x0000000706300000, 0x0000000706300000| Untracked 
|  64|0x0000000706400000, 0x0000000706400000, 0x0000000706500000|  0%| F|  |TAMS 0x0000000706400000, 0x0000000706400000| Untracked 
|  65|0x0000000706500000, 0x0000000706500000, 0x0000000706600000|  0%| F|  |TAMS 0x0000000706500000, 0x0000000706500000| Untracked 
|  66|0x0000000706600000, 0x0000000706600000, 0x0000000706700000|  0%| F|  |TAMS 0x0000000706600000, 0x0000000706600000| Untracked 
|  67|0x0000000706700000, 0x0000000706700000, 0x0000000706800000|  0%| F|  |TAMS 0x0000000706700000, 0x0000000706700000| Untracked 
|  68|0x0000000706800000, 0x0000000706800000, 0x0000000706900000|  0%| F|  |TAMS 0x0000000706800000, 0x0000000706800000| Untracked 
|  69|0x0000000706900000, 0x0000000706900000, 0x0000000706a00000|  0%| F|  |TAMS 0x0000000706900000, 0x0000000706900000| Untracked 
|  70|0x0000000706a00000, 0x0000000706a00000, 0x0000000706b00000|  0%| F|  |TAMS 0x0000000706a00000, 0x0000000706a00000| Untracked 
|  71|0x0000000706b00000, 0x0000000706b00000, 0x0000000706c00000|  0%| F|  |TAMS 0x0000000706b00000, 0x0000000706b00000| Untracked 
|  72|0x0000000706c00000, 0x0000000706c00000, 0x0000000706d00000|  0%| F|  |TAMS 0x0000000706c00000, 0x0000000706c00000| Untracked 
|  73|0x0000000706d00000, 0x0000000706d00000, 0x0000000706e00000|  0%| F|  |TAMS 0x0000000706d00000, 0x0000000706d00000| Untracked 
|  74|0x0000000706e00000, 0x0000000706e00000, 0x0000000706f00000|  0%| F|  |TAMS 0x0000000706e00000, 0x0000000706e00000| Untracked 
|  75|0x0000000706f00000, 0x0000000706f00000, 0x0000000707000000|  0%| F|  |TAMS 0x0000000706f00000, 0x0000000706f00000| Untracked 
|  76|0x0000000707000000, 0x0000000707000000, 0x0000000707100000|  0%| F|  |TAMS 0x0000000707000000, 0x0000000707000000| Untracked 
|  77|0x0000000707100000, 0x0000000707100000, 0x0000000707200000|  0%| F|  |TAMS 0x0000000707100000, 0x0000000707100000| Untracked 
|  78|0x0000000707200000, 0x0000000707200000, 0x0000000707300000|  0%| F|  |TAMS 0x0000000707200000, 0x0000000707200000| Untracked 
|  79|0x0000000707300000, 0x0000000707300000, 0x0000000707400000|  0%| F|  |TAMS 0x0000000707300000, 0x0000000707300000| Untracked 
|  80|0x0000000707400000, 0x0000000707400000, 0x0000000707500000|  0%| F|  |TAMS 0x0000000707400000, 0x0000000707400000| Untracked 
|  81|0x0000000707500000, 0x0000000707500000, 0x0000000707600000|  0%| F|  |TAMS 0x0000000707500000, 0x0000000707500000| Untracked 
|  82|0x0000000707600000, 0x0000000707600000, 0x0000000707700000|  0%| F|  |TAMS 0x0000000707600000, 0x0000000707600000| Untracked 
|  83|0x0000000707700000, 0x0000000707700000, 0x0000000707800000|  0%| F|  |TAMS 0x0000000707700000, 0x0000000707700000| Untracked 
|  84|0x0000000707800000, 0x0000000707800000, 0x0000000707900000|  0%| F|  |TAMS 0x0000000707800000, 0x0000000707800000| Untracked 
|  85|0x0000000707900000, 0x0000000707900000, 0x0000000707a00000|  0%| F|  |TAMS 0x0000000707900000, 0x0000000707900000| Untracked 
|  86|0x0000000707a00000, 0x0000000707a00000, 0x0000000707b00000|  0%| F|  |TAMS 0x0000000707a00000, 0x0000000707a00000| Untracked 
|  87|0x0000000707b00000, 0x0000000707b00000, 0x0000000707c00000|  0%| F|  |TAMS 0x0000000707b00000, 0x0000000707b00000| Untracked 
|  88|0x0000000707c00000, 0x0000000707c00000, 0x0000000707d00000|  0%| F|  |TAMS 0x0000000707c00000, 0x0000000707c00000| Untracked 
|  89|0x0000000707d00000, 0x0000000707d00000, 0x0000000707e00000|  0%| F|  |TAMS 0x0000000707d00000, 0x0000000707d00000| Untracked 
|  90|0x0000000707e00000, 0x0000000707e00000, 0x0000000707f00000|  0%| F|  |TAMS 0x0000000707e00000, 0x0000000707e00000| Untracked 
|  91|0x0000000707f00000, 0x0000000707f00000, 0x0000000708000000|  0%| F|  |TAMS 0x0000000707f00000, 0x0000000707f00000| Untracked 
|  92|0x0000000708000000, 0x0000000708000000, 0x0000000708100000|  0%| F|  |TAMS 0x0000000708000000, 0x0000000708000000| Untracked 
|  93|0x0000000708100000, 0x0000000708100000, 0x0000000708200000|  0%| F|  |TAMS 0x0000000708100000, 0x0000000708100000| Untracked 
|  94|0x0000000708200000, 0x0000000708200000, 0x0000000708300000|  0%| F|  |TAMS 0x0000000708200000, 0x0000000708200000| Untracked 
|  95|0x0000000708300000, 0x0000000708300000, 0x0000000708400000|  0%| F|  |TAMS 0x0000000708300000, 0x0000000708300000| Untracked 
|  96|0x0000000708400000, 0x0000000708400000, 0x0000000708500000|  0%| F|  |TAMS 0x0000000708400000, 0x0000000708400000| Untracked 
|  97|0x0000000708500000, 0x0000000708500000, 0x0000000708600000|  0%| F|  |TAMS 0x0000000708500000, 0x0000000708500000| Untracked 
|  98|0x0000000708600000, 0x0000000708600000, 0x0000000708700000|  0%| F|  |TAMS 0x0000000708600000, 0x0000000708600000| Untracked 
|  99|0x0000000708700000, 0x0000000708700000, 0x0000000708800000|  0%| F|  |TAMS 0x0000000708700000, 0x0000000708700000| Untracked 
| 100|0x0000000708800000, 0x0000000708800000, 0x0000000708900000|  0%| F|  |TAMS 0x0000000708800000, 0x0000000708800000| Untracked 
| 101|0x0000000708900000, 0x0000000708900000, 0x0000000708a00000|  0%| F|  |TAMS 0x0000000708900000, 0x0000000708900000| Untracked 
| 102|0x0000000708a00000, 0x0000000708a00000, 0x0000000708b00000|  0%| F|  |TAMS 0x0000000708a00000, 0x0000000708a00000| Untracked 
| 103|0x0000000708b00000, 0x0000000708b00000, 0x0000000708c00000|  0%| F|  |TAMS 0x0000000708b00000, 0x0000000708b00000| Untracked 
| 104|0x0000000708c00000, 0x0000000708c00000, 0x0000000708d00000|  0%| F|  |TAMS 0x0000000708c00000, 0x0000000708c00000| Untracked 
| 105|0x0000000708d00000, 0x0000000708d00000, 0x0000000708e00000|  0%| F|  |TAMS 0x0000000708d00000, 0x0000000708d00000| Untracked 
| 106|0x0000000708e00000, 0x0000000708e00000, 0x0000000708f00000|  0%| F|  |TAMS 0x0000000708e00000, 0x0000000708e00000| Untracked 
| 107|0x0000000708f00000, 0x0000000708f00000, 0x0000000709000000|  0%| F|  |TAMS 0x0000000708f00000, 0x0000000708f00000| Untracked 
| 108|0x0000000709000000, 0x0000000709000000, 0x0000000709100000|  0%| F|  |TAMS 0x0000000709000000, 0x0000000709000000| Untracked 
| 109|0x0000000709100000, 0x0000000709100000, 0x0000000709200000|  0%| F|  |TAMS 0x0000000709100000, 0x0000000709100000| Untracked 
| 110|0x0000000709200000, 0x0000000709200000, 0x0000000709300000|  0%| F|  |TAMS 0x0000000709200000, 0x0000000709200000| Untracked 
| 111|0x0000000709300000, 0x0000000709300000, 0x0000000709400000|  0%| F|  |TAMS 0x0000000709300000, 0x0000000709300000| Untracked 
| 112|0x0000000709400000, 0x0000000709400000, 0x0000000709500000|  0%| F|  |TAMS 0x0000000709400000, 0x0000000709400000| Untracked 
| 113|0x0000000709500000, 0x0000000709500000, 0x0000000709600000|  0%| F|  |TAMS 0x0000000709500000, 0x0000000709500000| Untracked 
| 114|0x0000000709600000, 0x0000000709600000, 0x0000000709700000|  0%| F|  |TAMS 0x0000000709600000, 0x0000000709600000| Untracked 
| 115|0x0000000709700000, 0x0000000709700000, 0x0000000709800000|  0%| F|  |TAMS 0x0000000709700000, 0x0000000709700000| Untracked 
| 116|0x0000000709800000, 0x0000000709800000, 0x0000000709900000|  0%| F|  |TAMS 0x0000000709800000, 0x0000000709800000| Untracked 
| 117|0x0000000709900000, 0x0000000709900000, 0x0000000709a00000|  0%| F|  |TAMS 0x0000000709900000, 0x0000000709900000| Untracked 
| 118|0x0000000709a00000, 0x0000000709a00000, 0x0000000709b00000|  0%| F|  |TAMS 0x0000000709a00000, 0x0000000709a00000| Untracked 
| 119|0x0000000709b00000, 0x0000000709b00000, 0x0000000709c00000|  0%| F|  |TAMS 0x0000000709b00000, 0x0000000709b00000| Untracked 
| 120|0x0000000709c00000, 0x0000000709c00000, 0x0000000709d00000|  0%| F|  |TAMS 0x0000000709c00000, 0x0000000709c00000| Untracked 
| 121|0x0000000709d00000, 0x0000000709d00000, 0x0000000709e00000|  0%| F|  |TAMS 0x0000000709d00000, 0x0000000709d00000| Untracked 
| 122|0x0000000709e00000, 0x0000000709e00000, 0x0000000709f00000|  0%| F|  |TAMS 0x0000000709e00000, 0x0000000709e00000| Untracked 
| 123|0x0000000709f00000, 0x0000000709f00000, 0x000000070a000000|  0%| F|  |TAMS 0x0000000709f00000, 0x0000000709f00000| Untracked 
| 124|0x000000070a000000, 0x000000070a000000, 0x000000070a100000|  0%| F|  |TAMS 0x000000070a000000, 0x000000070a000000| Untracked 
| 125|0x000000070a100000, 0x000000070a100000, 0x000000070a200000|  0%| F|  |TAMS 0x000000070a100000, 0x000000070a100000| Untracked 
| 126|0x000000070a200000, 0x000000070a200000, 0x000000070a300000|  0%| F|  |TAMS 0x000000070a200000, 0x000000070a200000| Untracked 
| 127|0x000000070a300000, 0x000000070a300000, 0x000000070a400000|  0%| F|  |TAMS 0x000000070a300000, 0x000000070a300000| Untracked 
| 128|0x000000070a400000, 0x000000070a400000, 0x000000070a500000|  0%| F|  |TAMS 0x000000070a400000, 0x000000070a400000| Untracked 
| 129|0x000000070a500000, 0x000000070a500000, 0x000000070a600000|  0%| F|  |TAMS 0x000000070a500000, 0x000000070a500000| Untracked 
| 130|0x000000070a600000, 0x000000070a600000, 0x000000070a700000|  0%| F|  |TAMS 0x000000070a600000, 0x000000070a600000| Untracked 
| 131|0x000000070a700000, 0x000000070a700000, 0x000000070a800000|  0%| F|  |TAMS 0x000000070a700000, 0x000000070a700000| Untracked 
| 132|0x000000070a800000, 0x000000070a800000, 0x000000070a900000|  0%| F|  |TAMS 0x000000070a800000, 0x000000070a800000| Untracked 
| 133|0x000000070a900000, 0x000000070a900000, 0x000000070aa00000|  0%| F|  |TAMS 0x000000070a900000, 0x000000070a900000| Untracked 
| 134|0x000000070aa00000, 0x000000070aa00000, 0x000000070ab00000|  0%| F|  |TAMS 0x000000070aa00000, 0x000000070aa00000| Untracked 
| 135|0x000000070ab00000, 0x000000070ab00000, 0x000000070ac00000|  0%| F|  |TAMS 0x000000070ab00000, 0x000000070ab00000| Untracked 
| 136|0x000000070ac00000, 0x000000070ac00000, 0x000000070ad00000|  0%| F|  |TAMS 0x000000070ac00000, 0x000000070ac00000| Untracked 
| 137|0x000000070ad00000, 0x000000070ad00000, 0x000000070ae00000|  0%| F|  |TAMS 0x000000070ad00000, 0x000000070ad00000| Untracked 
| 138|0x000000070ae00000, 0x000000070ae00000, 0x000000070af00000|  0%| F|  |TAMS 0x000000070ae00000, 0x000000070ae00000| Untracked 
| 139|0x000000070af00000, 0x000000070af00000, 0x000000070b000000|  0%| F|  |TAMS 0x000000070af00000, 0x000000070af00000| Untracked 
| 140|0x000000070b000000, 0x000000070b000000, 0x000000070b100000|  0%| F|  |TAMS 0x000000070b000000, 0x000000070b000000| Untracked 
| 141|0x000000070b100000, 0x000000070b100000, 0x000000070b200000|  0%| F|  |TAMS 0x000000070b100000, 0x000000070b100000| Untracked 
| 142|0x000000070b200000, 0x000000070b200000, 0x000000070b300000|  0%| F|  |TAMS 0x000000070b200000, 0x000000070b200000| Untracked 
| 143|0x000000070b300000, 0x000000070b300000, 0x000000070b400000|  0%| F|  |TAMS 0x000000070b300000, 0x000000070b300000| Untracked 
| 144|0x000000070b400000, 0x000000070b400000, 0x000000070b500000|  0%| F|  |TAMS 0x000000070b400000, 0x000000070b400000| Untracked 
| 145|0x000000070b500000, 0x000000070b500000, 0x000000070b600000|  0%| F|  |TAMS 0x000000070b500000, 0x000000070b500000| Untracked 
| 146|0x000000070b600000, 0x000000070b600000, 0x000000070b700000|  0%| F|  |TAMS 0x000000070b600000, 0x000000070b600000| Untracked 
| 147|0x000000070b700000, 0x000000070b700000, 0x000000070b800000|  0%| F|  |TAMS 0x000000070b700000, 0x000000070b700000| Untracked 
| 148|0x000000070b800000, 0x000000070b800000, 0x000000070b900000|  0%| F|  |TAMS 0x000000070b800000, 0x000000070b800000| Untracked 
| 149|0x000000070b900000, 0x000000070b900000, 0x000000070ba00000|  0%| F|  |TAMS 0x000000070b900000, 0x000000070b900000| Untracked 
| 150|0x000000070ba00000, 0x000000070ba00000, 0x000000070bb00000|  0%| F|  |TAMS 0x000000070ba00000, 0x000000070ba00000| Untracked 
| 151|0x000000070bb00000, 0x000000070bb00000, 0x000000070bc00000|  0%| F|  |TAMS 0x000000070bb00000, 0x000000070bb00000| Untracked 
| 152|0x000000070bc00000, 0x000000070bc00000, 0x000000070bd00000|  0%| F|  |TAMS 0x000000070bc00000, 0x000000070bc00000| Untracked 
| 153|0x000000070bd00000, 0x000000070bd00000, 0x000000070be00000|  0%| F|  |TAMS 0x000000070bd00000, 0x000000070bd00000| Untracked 
| 154|0x000000070be00000, 0x000000070be00000, 0x000000070bf00000|  0%| F|  |TAMS 0x000000070be00000, 0x000000070be00000| Untracked 
| 155|0x000000070bf00000, 0x000000070bf00000, 0x000000070c000000|  0%| F|  |TAMS 0x000000070bf00000, 0x000000070bf00000| Untracked 
| 156|0x000000070c000000, 0x000000070c000000, 0x000000070c100000|  0%| F|  |TAMS 0x000000070c000000, 0x000000070c000000| Untracked 
| 157|0x000000070c100000, 0x000000070c100000, 0x000000070c200000|  0%| F|  |TAMS 0x000000070c100000, 0x000000070c100000| Untracked 
| 158|0x000000070c200000, 0x000000070c200000, 0x000000070c300000|  0%| F|  |TAMS 0x000000070c200000, 0x000000070c200000| Untracked 
| 159|0x000000070c300000, 0x000000070c300000, 0x000000070c400000|  0%| F|  |TAMS 0x000000070c300000, 0x000000070c300000| Untracked 
| 160|0x000000070c400000, 0x000000070c400000, 0x000000070c500000|  0%| F|  |TAMS 0x000000070c400000, 0x000000070c400000| Untracked 
| 161|0x000000070c500000, 0x000000070c500000, 0x000000070c600000|  0%| F|  |TAMS 0x000000070c500000, 0x000000070c500000| Untracked 
| 162|0x000000070c600000, 0x000000070c600000, 0x000000070c700000|  0%| F|  |TAMS 0x000000070c600000, 0x000000070c600000| Untracked 
| 163|0x000000070c700000, 0x000000070c700000, 0x000000070c800000|  0%| F|  |TAMS 0x000000070c700000, 0x000000070c700000| Untracked 
| 164|0x000000070c800000, 0x000000070c800000, 0x000000070c900000|  0%| F|  |TAMS 0x000000070c800000, 0x000000070c800000| Untracked 
| 165|0x000000070c900000, 0x000000070c900000, 0x000000070ca00000|  0%| F|  |TAMS 0x000000070c900000, 0x000000070c900000| Untracked 
| 166|0x000000070ca00000, 0x000000070ca00000, 0x000000070cb00000|  0%| F|  |TAMS 0x000000070ca00000, 0x000000070ca00000| Untracked 
| 167|0x000000070cb00000, 0x000000070cb00000, 0x000000070cc00000|  0%| F|  |TAMS 0x000000070cb00000, 0x000000070cb00000| Untracked 
| 168|0x000000070cc00000, 0x000000070cc00000, 0x000000070cd00000|  0%| F|  |TAMS 0x000000070cc00000, 0x000000070cc00000| Untracked 
| 169|0x000000070cd00000, 0x000000070cd00000, 0x000000070ce00000|  0%| F|  |TAMS 0x000000070cd00000, 0x000000070cd00000| Untracked 
| 170|0x000000070ce00000, 0x000000070ce00000, 0x000000070cf00000|  0%| F|  |TAMS 0x000000070ce00000, 0x000000070ce00000| Untracked 
| 171|0x000000070cf00000, 0x000000070cf00000, 0x000000070d000000|  0%| F|  |TAMS 0x000000070cf00000, 0x000000070cf00000| Untracked 
| 172|0x000000070d000000, 0x000000070d000000, 0x000000070d100000|  0%| F|  |TAMS 0x000000070d000000, 0x000000070d000000| Untracked 
| 173|0x000000070d100000, 0x000000070d100000, 0x000000070d200000|  0%| F|  |TAMS 0x000000070d100000, 0x000000070d100000| Untracked 
| 174|0x000000070d200000, 0x000000070d200000, 0x000000070d300000|  0%| F|  |TAMS 0x000000070d200000, 0x000000070d200000| Untracked 
| 175|0x000000070d300000, 0x000000070d300000, 0x000000070d400000|  0%| F|  |TAMS 0x000000070d300000, 0x000000070d300000| Untracked 
| 176|0x000000070d400000, 0x000000070d400000, 0x000000070d500000|  0%| F|  |TAMS 0x000000070d400000, 0x000000070d400000| Untracked 
| 177|0x000000070d500000, 0x000000070d500000, 0x000000070d600000|  0%| F|  |TAMS 0x000000070d500000, 0x000000070d500000| Untracked 
| 178|0x000000070d600000, 0x000000070d600000, 0x000000070d700000|  0%| F|  |TAMS 0x000000070d600000, 0x000000070d600000| Untracked 
| 179|0x000000070d700000, 0x000000070d700000, 0x000000070d800000|  0%| F|  |TAMS 0x000000070d700000, 0x000000070d700000| Untracked 
| 180|0x000000070d800000, 0x000000070d800000, 0x000000070d900000|  0%| F|  |TAMS 0x000000070d800000, 0x000000070d800000| Untracked 
| 181|0x000000070d900000, 0x000000070d900000, 0x000000070da00000|  0%| F|  |TAMS 0x000000070d900000, 0x000000070d900000| Untracked 
| 182|0x000000070da00000, 0x000000070da00000, 0x000000070db00000|  0%| F|  |TAMS 0x000000070da00000, 0x000000070da00000| Untracked 
| 183|0x000000070db00000, 0x000000070db00000, 0x000000070dc00000|  0%| F|  |TAMS 0x000000070db00000, 0x000000070db00000| Untracked 
| 184|0x000000070dc00000, 0x000000070dc00000, 0x000000070dd00000|  0%| F|  |TAMS 0x000000070dc00000, 0x000000070dc00000| Untracked 
| 185|0x000000070dd00000, 0x000000070dd00000, 0x000000070de00000|  0%| F|  |TAMS 0x000000070dd00000, 0x000000070dd00000| Untracked 
| 186|0x000000070de00000, 0x000000070de00000, 0x000000070df00000|  0%| F|  |TAMS 0x000000070de00000, 0x000000070de00000| Untracked 
| 187|0x000000070df00000, 0x000000070df00000, 0x000000070e000000|  0%| F|  |TAMS 0x000000070df00000, 0x000000070df00000| Untracked 
| 188|0x000000070e000000, 0x000000070e000000, 0x000000070e100000|  0%| F|  |TAMS 0x000000070e000000, 0x000000070e000000| Untracked 
| 189|0x000000070e100000, 0x000000070e100000, 0x000000070e200000|  0%| F|  |TAMS 0x000000070e100000, 0x000000070e100000| Untracked 
| 190|0x000000070e200000, 0x000000070e200000, 0x000000070e300000|  0%| F|  |TAMS 0x000000070e200000, 0x000000070e200000| Untracked 
| 191|0x000000070e300000, 0x000000070e300000, 0x000000070e400000|  0%| F|  |TAMS 0x000000070e300000, 0x000000070e300000| Untracked 
| 192|0x000000070e400000, 0x000000070e400000, 0x000000070e500000|  0%| F|  |TAMS 0x000000070e400000, 0x000000070e400000| Untracked 
| 193|0x000000070e500000, 0x000000070e500000, 0x000000070e600000|  0%| F|  |TAMS 0x000000070e500000, 0x000000070e500000| Untracked 
| 194|0x000000070e600000, 0x000000070e600000, 0x000000070e700000|  0%| F|  |TAMS 0x000000070e600000, 0x000000070e600000| Untracked 
| 195|0x000000070e700000, 0x000000070e700000, 0x000000070e800000|  0%| F|  |TAMS 0x000000070e700000, 0x000000070e700000| Untracked 
| 196|0x000000070e800000, 0x000000070e800000, 0x000000070e900000|  0%| F|  |TAMS 0x000000070e800000, 0x000000070e800000| Untracked 
| 197|0x000000070e900000, 0x000000070e900000, 0x000000070ea00000|  0%| F|  |TAMS 0x000000070e900000, 0x000000070e900000| Untracked 
| 198|0x000000070ea00000, 0x000000070ea00000, 0x000000070eb00000|  0%| F|  |TAMS 0x000000070ea00000, 0x000000070ea00000| Untracked 
| 199|0x000000070eb00000, 0x000000070eb00000, 0x000000070ec00000|  0%| F|  |TAMS 0x000000070eb00000, 0x000000070eb00000| Untracked 
| 200|0x000000070ec00000, 0x000000070ec00000, 0x000000070ed00000|  0%| F|  |TAMS 0x000000070ec00000, 0x000000070ec00000| Untracked 
| 201|0x000000070ed00000, 0x000000070ed00000, 0x000000070ee00000|  0%| F|  |TAMS 0x000000070ed00000, 0x000000070ed00000| Untracked 
| 202|0x000000070ee00000, 0x000000070ee00000, 0x000000070ef00000|  0%| F|  |TAMS 0x000000070ee00000, 0x000000070ee00000| Untracked 
| 203|0x000000070ef00000, 0x000000070ef00000, 0x000000070f000000|  0%| F|  |TAMS 0x000000070ef00000, 0x000000070ef00000| Untracked 
| 204|0x000000070f000000, 0x000000070f000000, 0x000000070f100000|  0%| F|  |TAMS 0x000000070f000000, 0x000000070f000000| Untracked 
| 205|0x000000070f100000, 0x000000070f100000, 0x000000070f200000|  0%| F|  |TAMS 0x000000070f100000, 0x000000070f100000| Untracked 
| 206|0x000000070f200000, 0x000000070f200000, 0x000000070f300000|  0%| F|  |TAMS 0x000000070f200000, 0x000000070f200000| Untracked 
| 207|0x000000070f300000, 0x000000070f300000, 0x000000070f400000|  0%| F|  |TAMS 0x000000070f300000, 0x000000070f300000| Untracked 
| 208|0x000000070f400000, 0x000000070f400000, 0x000000070f500000|  0%| F|  |TAMS 0x000000070f400000, 0x000000070f400000| Untracked 
| 209|0x000000070f500000, 0x000000070f500000, 0x000000070f600000|  0%| F|  |TAMS 0x000000070f500000, 0x000000070f500000| Untracked 
| 210|0x000000070f600000, 0x000000070f600000, 0x000000070f700000|  0%| F|  |TAMS 0x000000070f600000, 0x000000070f600000| Untracked 
| 211|0x000000070f700000, 0x000000070f700000, 0x000000070f800000|  0%| F|  |TAMS 0x000000070f700000, 0x000000070f700000| Untracked 
| 212|0x000000070f800000, 0x000000070f800000, 0x000000070f900000|  0%| F|  |TAMS 0x000000070f800000, 0x000000070f800000| Untracked 
| 213|0x000000070f900000, 0x000000070f900000, 0x000000070fa00000|  0%| F|  |TAMS 0x000000070f900000, 0x000000070f900000| Untracked 
| 214|0x000000070fa00000, 0x000000070fa00000, 0x000000070fb00000|  0%| F|  |TAMS 0x000000070fa00000, 0x000000070fa00000| Untracked 
| 215|0x000000070fb00000, 0x000000070fb00000, 0x000000070fc00000|  0%| F|  |TAMS 0x000000070fb00000, 0x000000070fb00000| Untracked 
| 216|0x000000070fc00000, 0x000000070fc00000, 0x000000070fd00000|  0%| F|  |TAMS 0x000000070fc00000, 0x000000070fc00000| Untracked 
| 217|0x000000070fd00000, 0x000000070fd00000, 0x000000070fe00000|  0%| F|  |TAMS 0x000000070fd00000, 0x000000070fd00000| Untracked 
| 218|0x000000070fe00000, 0x000000070fe00000, 0x000000070ff00000|  0%| F|  |TAMS 0x000000070fe00000, 0x000000070fe00000| Untracked 
| 219|0x000000070ff00000, 0x000000070ff00000, 0x0000000710000000|  0%| F|  |TAMS 0x000000070ff00000, 0x000000070ff00000| Untracked 
| 220|0x0000000710000000, 0x0000000710000000, 0x0000000710100000|  0%| F|  |TAMS 0x0000000710000000, 0x0000000710000000| Untracked 
| 221|0x0000000710100000, 0x0000000710100000, 0x0000000710200000|  0%| F|  |TAMS 0x0000000710100000, 0x0000000710100000| Untracked 
| 222|0x0000000710200000, 0x0000000710200000, 0x0000000710300000|  0%| F|  |TAMS 0x0000000710200000, 0x0000000710200000| Untracked 
| 223|0x0000000710300000, 0x0000000710300000, 0x0000000710400000|  0%| F|  |TAMS 0x0000000710300000, 0x0000000710300000| Untracked 
| 224|0x0000000710400000, 0x0000000710400000, 0x0000000710500000|  0%| F|  |TAMS 0x0000000710400000, 0x0000000710400000| Untracked 
| 225|0x0000000710500000, 0x0000000710500000, 0x0000000710600000|  0%| F|  |TAMS 0x0000000710500000, 0x0000000710500000| Untracked 
| 226|0x0000000710600000, 0x0000000710600000, 0x0000000710700000|  0%| F|  |TAMS 0x0000000710600000, 0x0000000710600000| Untracked 
| 227|0x0000000710700000, 0x0000000710700000, 0x0000000710800000|  0%| F|  |TAMS 0x0000000710700000, 0x0000000710700000| Untracked 
| 228|0x0000000710800000, 0x0000000710800000, 0x0000000710900000|  0%| F|  |TAMS 0x0000000710800000, 0x0000000710800000| Untracked 
| 229|0x0000000710900000, 0x00000007109ec480, 0x0000000710a00000| 92%| S|CS|TAMS 0x0000000710900000, 0x0000000710900000| Complete 
| 230|0x0000000710a00000, 0x0000000710b00000, 0x0000000710b00000|100%| S|CS|TAMS 0x0000000710a00000, 0x0000000710a00000| Complete 
| 231|0x0000000710b00000, 0x0000000710c00000, 0x0000000710c00000|100%| S|CS|TAMS 0x0000000710b00000, 0x0000000710b00000| Complete 
| 232|0x0000000710c00000, 0x0000000710c00000, 0x0000000710d00000|  0%| F|  |TAMS 0x0000000710c00000, 0x0000000710c00000| Untracked 
| 233|0x0000000710d00000, 0x0000000710d00000, 0x0000000710e00000|  0%| F|  |TAMS 0x0000000710d00000, 0x0000000710d00000| Untracked 
| 234|0x0000000710e00000, 0x0000000710e00000, 0x0000000710f00000|  0%| F|  |TAMS 0x0000000710e00000, 0x0000000710e00000| Untracked 
| 235|0x0000000710f00000, 0x0000000710f00000, 0x0000000711000000|  0%| F|  |TAMS 0x0000000710f00000, 0x0000000710f00000| Untracked 
| 236|0x0000000711000000, 0x0000000711000000, 0x0000000711100000|  0%| F|  |TAMS 0x0000000711000000, 0x0000000711000000| Untracked 
| 237|0x0000000711100000, 0x0000000711100000, 0x0000000711200000|  0%| F|  |TAMS 0x0000000711100000, 0x0000000711100000| Untracked 
| 238|0x0000000711200000, 0x0000000711200000, 0x0000000711300000|  0%| F|  |TAMS 0x0000000711200000, 0x0000000711200000| Untracked 
| 239|0x0000000711300000, 0x0000000711300000, 0x0000000711400000|  0%| F|  |TAMS 0x0000000711300000, 0x0000000711300000| Untracked 
| 240|0x0000000711400000, 0x0000000711400000, 0x0000000711500000|  0%| F|  |TAMS 0x0000000711400000, 0x0000000711400000| Untracked 
| 241|0x0000000711500000, 0x0000000711500000, 0x0000000711600000|  0%| F|  |TAMS 0x0000000711500000, 0x0000000711500000| Untracked 
| 242|0x0000000711600000, 0x0000000711600000, 0x0000000711700000|  0%| F|  |TAMS 0x0000000711600000, 0x0000000711600000| Untracked 
| 243|0x0000000711700000, 0x0000000711700000, 0x0000000711800000|  0%| F|  |TAMS 0x0000000711700000, 0x0000000711700000| Untracked 
| 244|0x0000000711800000, 0x0000000711800000, 0x0000000711900000|  0%| F|  |TAMS 0x0000000711800000, 0x0000000711800000| Untracked 
| 245|0x0000000711900000, 0x0000000711900000, 0x0000000711a00000|  0%| F|  |TAMS 0x0000000711900000, 0x0000000711900000| Untracked 
| 246|0x0000000711a00000, 0x0000000711a00000, 0x0000000711b00000|  0%| F|  |TAMS 0x0000000711a00000, 0x0000000711a00000| Untracked 
| 247|0x0000000711b00000, 0x0000000711b00000, 0x0000000711c00000|  0%| F|  |TAMS 0x0000000711b00000, 0x0000000711b00000| Untracked 
| 248|0x0000000711c00000, 0x0000000711c00000, 0x0000000711d00000|  0%| F|  |TAMS 0x0000000711c00000, 0x0000000711c00000| Untracked 
| 249|0x0000000711d00000, 0x0000000711d00000, 0x0000000711e00000|  0%| F|  |TAMS 0x0000000711d00000, 0x0000000711d00000| Untracked 
| 250|0x0000000711e00000, 0x0000000711e00000, 0x0000000711f00000|  0%| F|  |TAMS 0x0000000711e00000, 0x0000000711e00000| Untracked 
| 251|0x0000000711f00000, 0x0000000711f00000, 0x0000000712000000|  0%| F|  |TAMS 0x0000000711f00000, 0x0000000711f00000| Untracked 
| 252|0x0000000712000000, 0x0000000712000000, 0x0000000712100000|  0%| F|  |TAMS 0x0000000712000000, 0x0000000712000000| Untracked 
| 253|0x0000000712100000, 0x00000007121e3e88, 0x0000000712200000| 89%| E|  |TAMS 0x0000000712100000, 0x0000000712100000| Complete 

Card table byte_map: [0x00000184d0c10000,0x00000184d1400000] _byte_map_base: 0x00000184cd3fe000

Marking Bits (Prev, Next): (CMBitMap*) 0x00000184b8e0c970, (CMBitMap*) 0x00000184b8e0c938
 Prev Bits: [0x00000184d5b60000, 0x00000184d9ad0000)
 Next Bits: [0x00000184d1bf0000, 0x00000184d5b60000)

Polling page: 0x00000184b6be0000

Metaspace:

Usage:
  Non-class:     22.67 MB capacity,    22.25 MB ( 98%) used,   362.34 KB (  2%) free+waste,    69.63 KB ( <1%) overhead. 
      Class:      3.04 MB capacity,     2.79 MB ( 92%) used,   217.00 KB (  7%) free+waste,    34.00 KB (  1%) overhead. 
       Both:     25.71 MB capacity,    25.04 MB ( 97%) used,   579.34 KB (  2%) free+waste,   103.63 KB ( <1%) overhead. 

Virtual space:
  Non-class space:       30.00 MB reserved,      22.92 MB ( 76%) committed 
      Class space:        1.00 GB reserved,       3.13 MB ( <1%) committed 
             Both:        1.03 GB reserved,      26.05 MB (  2%) committed 

Chunk freelists:
   Non-Class:  7.75 KB
       Class:  3.38 KB
        Both:  11.13 KB

CodeHeap 'non-profiled nmethods': size=120000Kb used=772Kb max_used=772Kb free=119227Kb
 bounds [0x00000184c8bc0000, 0x00000184c8e30000, 0x00000184d00f0000]
CodeHeap 'profiled nmethods': size=120000Kb used=4028Kb max_used=4028Kb free=115971Kb
 bounds [0x00000184c1690000, 0x00000184c1a80000, 0x00000184c8bc0000]
CodeHeap 'non-nmethods': size=5760Kb used=1177Kb max_used=1203Kb free=4582Kb
 bounds [0x00000184c10f0000, 0x00000184c1360000, 0x00000184c1690000]
 total_blobs=2923 nmethods=1980 adapters=425
 compilation: enabled
              stopped_count=0, restarted_count=0
 full_count=0

Compilation events (10 events):
Event: 12.648 Thread 0x00000184dcf92800 nmethod 1957 0x00000184c8c7ef90 code [0x00000184c8c7f160, 0x00000184c8c7f428]
Event: 12.650 Thread 0x00000184dcf92800 1958       4       java.nio.Buffer::limit (74 bytes)
Event: 12.651 Thread 0x00000184dcf92800 nmethod 1958 0x00000184c8c7f710 code [0x00000184c8c7f8a0, 0x00000184c8c7f978]
Event: 12.653 Thread 0x00000184dcf92800 1959       4       java.lang.ClassLoader::checkName (37 bytes)
Event: 12.663 Thread 0x00000184dcf92800 nmethod 1959 0x00000184c8c7fa90 code [0x00000184c8c7fc40, 0x00000184c8c7feb8]
Event: 12.663 Thread 0x00000184dcf92800 1960       4       sun.nio.fs.WindowsPathParser::isInvalidPathChar (22 bytes)
Event: 12.667 Thread 0x00000184dcf92800 nmethod 1960 0x00000184c8c80110 code [0x00000184c8c802a0, 0x00000184c8c80398]
Event: 12.670 Thread 0x00000184dcf92800 1961       4       java.net.URLStreamHandler::setURL (73 bytes)
Event: 12.690 Thread 0x00000184dcf45800 1964       1       jdk.internal.loader.URLClassPath$JarLoader$2::getCodeSourceURL (8 bytes)
Event: 12.690 Thread 0x00000184dcf45800 nmethod 1964 0x00000184c8c80490 code [0x00000184c8c80640, 0x00000184c8c80778]

GC Heap History (4 events):
Event: 1.942 GC heap before
{Heap before GC invocations=0 (full 0):
 garbage-first heap   total 260096K, used 23552K [0x0000000702400000, 0x0000000800000000)
  region size 1024K, 24 young (24576K), 0 survivors (0K)
 Metaspace       used 16020K, capacity 16364K, committed 16640K, reserved 1064960K
  class space    used 1630K, capacity 1740K, committed 1792K, reserved 1048576K
}
Event: 1.964 GC heap after
{Heap after GC invocations=1 (full 0):
 garbage-first heap   total 260096K, used 6215K [0x0000000702400000, 0x0000000800000000)
  region size 1024K, 3 young (3072K), 3 survivors (3072K)
 Metaspace       used 16020K, capacity 16364K, committed 16640K, reserved 1064960K
  class space    used 1630K, capacity 1740K, committed 1792K, reserved 1048576K
}
Event: 2.463 GC heap before
{Heap before GC invocations=1 (full 0):
 garbage-first heap   total 260096K, used 21575K [0x0000000702400000, 0x0000000800000000)
  region size 1024K, 19 young (19456K), 3 survivors (3072K)
 Metaspace       used 20832K, capacity 21164K, committed 21296K, reserved 1069056K
  class space    used 2210K, capacity 2353K, committed 2432K, reserved 1048576K
}
Event: 2.475 GC heap after
{Heap after GC invocations=2 (full 0):
 garbage-first heap   total 260096K, used 8081K [0x0000000702400000, 0x0000000800000000)
  region size 1024K, 2 young (2048K), 2 survivors (2048K)
 Metaspace       used 20832K, capacity 21164K, committed 21296K, reserved 1069056K
  class space    used 2210K, capacity 2353K, committed 2432K, reserved 1048576K
}

Deoptimization events (10 events):
Event: 2.438 Thread 0x00000184b8dab000 Uncommon trap: reason=unstable_if action=reinterpret pc=0x00000184c8c21bdc method=java.lang.String.replace(CC)Ljava/lang/String; @ 2 c2
Event: 2.479 Thread 0x00000184de3ab000 Uncommon trap: reason=unstable_if action=reinterpret pc=0x00000184c8c338cc method=java.lang.CharacterDataLatin1.digit(II)I @ 12 c2
Event: 2.996 Thread 0x00000184de3ab000 Uncommon trap: reason=unstable_if action=reinterpret pc=0x00000184c8c33cc4 method=java.lang.CharacterDataLatin1.digit(II)I @ 12 c2
Event: 3.050 Thread 0x00000184b8dab000 Uncommon trap: reason=unstable_if action=reinterpret pc=0x00000184c8c192bc method=jdk.internal.org.objectweb.asm.Type.getArgumentsAndReturnSizes(Ljava/lang/String;)I @ 41 c2
Event: 3.163 Thread 0x00000184b8dab000 Uncommon trap: reason=class_check action=maybe_recompile pc=0x00000184c8c56c98 method=java.util.regex.Matcher.search(I)Z @ 121 c2
Event: 3.163 Thread 0x00000184b8dab000 Uncommon trap: reason=unstable_if action=reinterpret pc=0x00000184c8c58b48 method=java.util.regex.Pattern$BmpCharProperty.match(Ljava/util/regex/Matcher;ILjava/lang/CharSequence;)Z @ 5 c2
Event: 3.164 Thread 0x00000184b8dab000 Uncommon trap: reason=class_check action=maybe_recompile pc=0x00000184c8c56c98 method=java.util.regex.Matcher.search(I)Z @ 121 c2
Event: 3.164 Thread 0x00000184b8dab000 Uncommon trap: reason=class_check action=maybe_recompile pc=0x00000184c8c56c98 method=java.util.regex.Matcher.search(I)Z @ 121 c2
Event: 3.164 Thread 0x00000184b8dab000 Uncommon trap: reason=class_check action=maybe_recompile pc=0x00000184c8c56c98 method=java.util.regex.Matcher.search(I)Z @ 121 c2
Event: 3.216 Thread 0x00000184b8dab000 Uncommon trap: reason=unstable_if action=reinterpret pc=0x00000184c8bc18f8 method=java.lang.String.isLatin1()Z @ 10 c2

Classes redefined (0 events):
No events

Internal exceptions (10 events):
Event: 3.050 Thread 0x00000184b8dab000 Exception <a 'java/lang/NoSuchMethodError'{0x0000000711fa4e68}: java.lang.invoke.DirectMethodHandle$Holder.invokeVirtual(Ljava/lang/Object;Ljava/lang/Object;)D> (0x0000000711fa4e68) thrown at [t:/workspace/open/src/hotspot/share/interpreter/linkResolver.c
Event: 3.052 Thread 0x00000184b8dab000 Exception <a 'java/lang/NoSuchMethodError'{0x0000000711faabf8}: java.lang.invoke.DirectMethodHandle$Holder.invokeVirtual(Ljava/lang/Object;Ljava/lang/Object;)F> (0x0000000711faabf8) thrown at [t:/workspace/open/src/hotspot/share/interpreter/linkResolver.c
Event: 3.053 Thread 0x00000184b8dab000 Exception <a 'java/lang/NoSuchMethodError'{0x0000000711fb3070}: java.lang.invoke.DirectMethodHandle$Holder.invokeVirtual(Ljava/lang/Object;Ljava/lang/Object;)J> (0x0000000711fb3070) thrown at [t:/workspace/open/src/hotspot/share/interpreter/linkResolver.c
Event: 3.071 Thread 0x00000184b8dab000 Exception <a 'java/lang/NoSuchMethodError'{0x0000000711e5b8a0}: java.lang.invoke.DirectMethodHandle$Holder.invokeSpecial(Ljava/lang/Object;Ljava/lang/Object;Ljava/lang/Object;Ljava/lang/Object;)V> (0x0000000711e5b8a0) thrown at [t:/workspace/open/src/hots
Event: 3.090 Thread 0x00000184b8dab000 Exception <a 'java/lang/NoSuchMethodError'{0x0000000711d19cc8}: java.lang.invoke.DirectMethodHandle$Holder.invokeSpecial(Ljava/lang/Object;Ljava/lang/Object;Ljava/lang/Object;Ljava/lang/Object;Ljava/lang/Object;)V> (0x0000000711d19cc8) thrown at [t:/works
Event: 7.639 Thread 0x00000184b8dab000 Exception <a 'java/lang/NoSuchMethodError'{0x00000007116e1d58}: java.lang.invoke.DirectMethodHandle$Holder.invokeSpecialIFC(Ljava/lang/Object;Ljava/lang/Object;Ljava/lang/Object;)Ljava/lang/Object;> (0x00000007116e1d58) thrown at [t:/workspace/open/src/ho
Event: 7.697 Thread 0x00000184b8dab000 Exception <a 'java/lang/ClassNotFoundException'{0x00000007115bf238}: sun/util/logging/resources/spi/loggingProvider> (0x00000007115bf238) thrown at [t:/workspace/open/src/hotspot/share/classfile/systemDictionary.cpp, line 231]
Event: 7.747 Thread 0x00000184b8dab000 Exception <a 'java/net/SocketTimeoutException'{0x00000007114a3ee0}: Read timed out> (0x00000007114a3ee0) thrown at [t:/workspace/open/src/hotspot/share/prims/jni.cpp, line 636]
Event: 7.757 Thread 0x00000184b8dab000 Exception <a 'java/net/SocketTimeoutException'{0x00000007114bf108}: Read timed out> (0x00000007114bf108) thrown at [t:/workspace/open/src/hotspot/share/prims/jni.cpp, line 636]
Event: 8.968 Thread 0x00000184b8dab000 Exception <a 'java/net/SocketTimeoutException'{0x00000007113e6438}: Read timed out> (0x00000007113e6438) thrown at [t:/workspace/open/src/hotspot/share/prims/jni.cpp, line 636]

Events (10 events):
Event: 12.688 loading class freemarker/core/BooleanExpression
Event: 12.688 loading class freemarker/core/BooleanExpression done
Event: 12.689 loading class freemarker/core/Identifier
Event: 12.689 loading class freemarker/core/Identifier done
Event: 12.690 loading class freemarker/core/StringLiteral
Event: 12.690 loading class freemarker/core/StringLiteral done
Event: 12.691 loading class freemarker/core/UnaryPlusMinusExpression
Event: 12.691 loading class freemarker/core/UnaryPlusMinusExpression done
Event: 12.693 loading class freemarker/core/IfBlock
Event: 12.693 loading class freemarker/core/IfBlock done


Dynamic libraries:
0x00007ff7d6d70000 - 0x00007ff7d6db7000 	C:\Program Files\Java\jdk-11.0.5\bin\javaw.exe
0x00007fffcd1f0000 - 0x00007fffcd3dd000 	C:\Windows\SYSTEM32\ntdll.dll
0x00007fffccf90000 - 0x00007fffcd043000 	C:\Windows\System32\KERNEL32.DLL
0x00007fffc9e30000 - 0x00007fffca0c3000 	C:\Windows\System32\KERNELBASE.dll
0x00007fffca860000 - 0x00007fffca903000 	C:\Windows\System32\ADVAPI32.dll
0x00007fffcccd0000 - 0x00007fffccd6e000 	C:\Windows\System32\msvcrt.dll
0x00007fffcb260000 - 0x00007fffcb2fe000 	C:\Windows\System32\sechost.dll
0x00007fffcae30000 - 0x00007fffcaf52000 	C:\Windows\System32\RPCRT4.dll
0x00007fffcb0c0000 - 0x00007fffcb257000 	C:\Windows\System32\USER32.dll
0x00007fffca180000 - 0x00007fffca1a0000 	C:\Windows\System32\win32u.dll
0x00007fffcb090000 - 0x00007fffcb0b9000 	C:\Windows\System32\GDI32.dll
0x00007fffca250000 - 0x00007fffca3e9000 	C:\Windows\System32\gdi32full.dll
0x00007fffc9c90000 - 0x00007fffc9d30000 	C:\Windows\System32\msvcp_win.dll
0x00007fffc9d30000 - 0x00007fffc9e2a000 	C:\Windows\System32\ucrtbase.dll
0x00007fffc7fd0000 - 0x00007fffc7fda000 	C:\Windows\SYSTEM32\VERSION.dll
0x00007fffaf6a0000 - 0x00007fffaf919000 	C:\Windows\WinSxS\amd64_microsoft.windows.common-controls_6595b64144ccf1df_6.0.17763.973_none_05b245900721eb81\COMCTL32.dll
0x00007fffca420000 - 0x00007fffca74c000 	C:\Windows\System32\combase.dll
0x00007fffc9c10000 - 0x00007fffc9c8e000 	C:\Windows\System32\bcryptPrimitives.dll
0x00007fffccd70000 - 0x00007fffccd9e000 	C:\Windows\System32\IMM32.DLL
0x00007fffacf60000 - 0x00007fffad010000 	C:\Program Files\McAfee\Endpoint Security\Threat Prevention\Ips\EpMPApi.dll
0x00007fffca120000 - 0x00007fffca179000 	C:\Windows\System32\WINTRUST.dll
0x00007fffc9240000 - 0x00007fffc9252000 	C:\Windows\System32\MSASN1.dll
0x00007fffc9a30000 - 0x00007fffc9c0c000 	C:\Windows\System32\CRYPT32.dll
0x0000000065750000 - 0x000000006575c000 	C:\Program Files\McAfee\Endpoint Security\Threat Prevention\Ips\EpMPThe.dll
0x00007fffb8340000 - 0x00007fffb8356000 	C:\Program Files\Java\jdk-11.0.5\bin\vcruntime140.dll
0x00007fffb3310000 - 0x00007fffb33ba000 	C:\Program Files\Java\jdk-11.0.5\bin\msvcp140.dll
0x00007fff72990000 - 0x00007fff734b8000 	C:\Program Files\Java\jdk-11.0.5\bin\server\jvm.dll
0x00007fffca410000 - 0x00007fffca418000 	C:\Windows\System32\PSAPI.DLL
0x00007fffbe610000 - 0x00007fffbe634000 	C:\Windows\SYSTEM32\WINMM.dll
0x00007fffaed90000 - 0x00007fffaed99000 	C:\Windows\SYSTEM32\WSOCK32.dll
0x00007fffbe5e0000 - 0x00007fffbe60d000 	C:\Windows\SYSTEM32\WINMMBASE.dll
0x00007fffcce70000 - 0x00007fffccedd000 	C:\Windows\System32\WS2_32.dll
0x00007fffca0d0000 - 0x00007fffca11a000 	C:\Windows\System32\cfgmgr32.dll
0x00007fffc9260000 - 0x00007fffc9271000 	C:\Windows\System32\kernel.appcore.dll
0x00007fff72970000 - 0x00007fff72981000 	C:\Program Files\Java\jdk-11.0.5\bin\verify.dll
0x00007fffc67a0000 - 0x00007fffc698d000 	C:\Windows\SYSTEM32\DBGHELP.DLL
0x00007fffc13e0000 - 0x00007fffc140a000 	C:\Windows\SYSTEM32\dbgcore.DLL
0x00007fff72710000 - 0x00007fff72739000 	C:\Program Files\Java\jdk-11.0.5\bin\java.dll
0x00007fff72910000 - 0x00007fff72926000 	C:\Program Files\Java\jdk-11.0.5\bin\zip.dll
0x00007fff76350000 - 0x00007fff7635a000 	C:\Program Files\Java\jdk-11.0.5\bin\jimage.dll
0x00007fffcb310000 - 0x00007fffcc804000 	C:\Windows\System32\SHELL32.dll
0x00007fffca7b0000 - 0x00007fffca858000 	C:\Windows\System32\shcore.dll
0x00007fffc92e0000 - 0x00007fffc9a2d000 	C:\Windows\System32\windows.storage.dll
0x00007fffc9280000 - 0x00007fffc92a4000 	C:\Windows\System32\profapi.dll
0x00007fffc91e0000 - 0x00007fffc923d000 	C:\Windows\System32\powrprof.dll
0x00007fffcca60000 - 0x00007fffccab2000 	C:\Windows\System32\shlwapi.dll
0x00007fffca3f0000 - 0x00007fffca407000 	C:\Windows\System32\cryptsp.dll
0x00007fff728d0000 - 0x00007fff728e9000 	C:\Program Files\Java\jdk-11.0.5\bin\net.dll
0x00007fffc7130000 - 0x00007fffc7222000 	C:\Windows\SYSTEM32\WINHTTP.dll
0x00007fffc8a50000 - 0x00007fffc8ab7000 	C:\Windows\system32\mswsock.dll
0x00007fff728f0000 - 0x00007fff72903000 	C:\Program Files\Java\jdk-11.0.5\bin\nio.dll
0x00007fffc87b0000 - 0x00007fffc8876000 	C:\Windows\SYSTEM32\DNSAPI.dll
0x00007fffcc810000 - 0x00007fffcc818000 	C:\Windows\System32\NSI.dll
0x00007fffc8770000 - 0x00007fffc87ad000 	C:\Windows\SYSTEM32\IPHLPAPI.DLL
0x0000000066690000 - 0x00000000666b6000 	C:\Program Files\Bonjour\mdnsNSP.dll
0x00007fffbead0000 - 0x00007fffbeada000 	C:\Windows\System32\rasadhlp.dll
0x00007fffc3bb0000 - 0x00007fffc3c29000 	C:\Windows\System32\fwpuclnt.dll
0x00007fffc92b0000 - 0x00007fffc92d6000 	C:\Windows\System32\bcrypt.dll
0x00007fffc8370000 - 0x00007fffc83a3000 	C:\Windows\system32\rsaenh.dll
0x00007fffc90e0000 - 0x00007fffc9108000 	C:\Windows\SYSTEM32\USERENV.dll
0x00007fffc8c20000 - 0x00007fffc8c2c000 	C:\Windows\SYSTEM32\CRYPTBASE.dll
0x00007fffc32c0000 - 0x00007fffc32d6000 	C:\Windows\SYSTEM32\dhcpcsvc6.DLL
0x00007fffc3290000 - 0x00007fffc32ac000 	C:\Windows\SYSTEM32\dhcpcsvc.DLL
0x00007fffab8a0000 - 0x00007fffab8b6000 	C:\Windows\system32\napinsp.dll
0x00007fffab750000 - 0x00007fffab76a000 	C:\Windows\system32\pnrpnsp.dll
0x00007fffab720000 - 0x00007fffab72e000 	C:\Windows\System32\winrnr.dll
0x00007fffc1410000 - 0x00007fffc142b000 	C:\Windows\system32\NLAapi.dll
0x00007fffc14a0000 - 0x00007fffc14b5000 	C:\Windows\system32\wshbth.dll
0x00007fffbe980000 - 0x00007fffbe9a7000 	C:\Program Files\Java\jdk-11.0.5\bin\sunec.dll
0x00007fffc0c10000 - 0x00007fffc0c1d000 	C:\Program Files\Java\jdk-11.0.5\bin\sunmscapi.dll
0x00007fffc8d20000 - 0x00007fffc8d46000 	C:\Windows\SYSTEM32\ncrypt.dll
0x00007fffc8ce0000 - 0x00007fffc8d1c000 	C:\Windows\SYSTEM32\NTASN1.dll

dbghelp: loaded successfully - version: 4.0.5 - missing functions: none
symbol engine: initialized successfully - sym options: 0x614 - pdb path: .;C:\Program Files\Java\jdk-11.0.5\bin;C:\Windows\SYSTEM32;C:\Windows\WinSxS\amd64_microsoft.windows.common-controls_6595b64144ccf1df_6.0.17763.973_none_05b245900721eb81;C:\Program Files\McAfee\Endpoint Security\Threat Prevention\Ips;C:\Program Files\Java\jdk-11.0.5\bin\server;C:\Program Files\Bonjour

VM Arguments:
jvm_args: -ea -Dfile.encoding=Cp1252 
java_command: org.testng.remote.RemoteTestNG -serport 54672 -protocol json -d D:\Eclipse\Amazon_Assignment\test-output C:\Users\ANAMIK~1\AppData\Local\Temp\testng-eclipse--1884764497\testng-customsuite.xml
java_class_path (initial): C:\Users\anamikasaluja\eclipse\java-2019-12\eclipse\configuration\org.eclipse.osgi\494\0\.cp\lib\testng-remote.jar;D:\Eclipse\Amazon_Assignment\target\test-classes;D:\Eclipse\Amazon_Assignment\target\classes;C:\Users\anamikasaluja\.p2\pool\plugins\org.testng_7.2.0.r202003151902.jar;C:\Users\anamikasaluja\.p2\pool\plugins\com.beust.jcommander_1.72.0.jar;C:\Users\anamikasaluja\.p2\pool\plugins\org.apache-extras.beanshell.bsh_2.0.0.b6.jar;C:\Users\anamikasaluja\.p2\pool\plugins\org.yaml.snakeyaml_1.21.0.jar;C:\Users\anamikasaluja\Downloads\selenium-server-3.141.59\libs\bundle-jars.jar;C:\Users\anamikasaluja\Downloads\selenium-server-3.141.59\libs\byte-buddy-1.8.15.jar;C:\Users\anamikasaluja\Downloads\selenium-server-3.141.59\libs\commons-exec-1.3.jar;C:\Users\anamikasaluja\Downloads\selenium-server-3.141.59\libs\guava-25.0-jre.jar;C:\Users\anamikasaluja\Downloads\selenium-server-3.141.59\libs\javax.servlet-api-3.1.0.jar;C:\Users\anamikasaluja\Downloads\selenium-server-3.141.59\libs\jcip-annotations-1.0.jar;C:\Users\anamikasaluja\Downloads\selenium-server-3.141.59\libs\jcommander-1.72.jar;C:\Users\anamikasaluja\Downloads\selenium-server-3.141.59\libs\okhttp-3.11.0.jar;C:\Users\anamikasaluja\Downloads\selenium-server-3.141.59\libs\okio-1.14.0.jar;C:\Users\anamikasaluja\Downloads\selenium-server-3.141.59\libs\snakeyaml-1.19.jar;D:\Eclipse\Selenium_Code-Oct_8\Selenium Code - Oct 18\Selenium Code - Oct 18\poi\dom4j-1.1.jar;D:\Eclipse\Selenium_Code-Oct_8\Selenium Code - Oct 18\Selenium Code - Oct 18\poi\poi-3.6-20091214.jar;D:\Eclipse\Selenium_Code-Oct_8\Selenium Code - Oct 18\Selenium Code - Oct 18\poi\poi-ooxml-3.6-20091214.jar;D:\Eclipse\Selenium_Code-Oct_8\Selenium Code - Oct 18\Selenium Code - Oct 18\poi\poi-ooxml-schemas-3.6-20091214.jar;D:\Eclipse\Selenium_Code-Oct_8\Selenium Code - Oct 18\Selenium Code - Oct 18\poi\xmlbeans-2.3.0.jar;C:\Users\anamikasaluja\.m2\repository\org\testng\testng\7.1.0\testng-7.1.0.jar;C:\Users\anamikasaluja\.m2\
Launcher Type: SUN_STANDARD

[Global flags]
     intx CICompilerCount                          = 4                                         {product} {ergonomic}
     uint ConcGCThreads                            = 2                                         {product} {ergonomic}
     uint G1ConcRefinementThreads                  = 8                                         {product} {ergonomic}
   size_t G1HeapRegionSize                         = 1048576                                   {product} {ergonomic}
    uintx GCDrainStackTargetSize                   = 64                                        {product} {ergonomic}
   size_t InitialHeapSize                          = 266338304                                 {product} {ergonomic}
   size_t MarkStackSize                            = 4194304                                   {product} {ergonomic}
   size_t MaxHeapSize                              = 4257218560                                {product} {ergonomic}
   size_t MaxNewSize                               = 2554331136                                {product} {ergonomic}
   size_t MinHeapDeltaBytes                        = 1048576                                   {product} {ergonomic}
    uintx NonNMethodCodeHeapSize                   = 5836300                                {pd product} {ergonomic}
    uintx NonProfiledCodeHeapSize                  = 122910970                              {pd product} {ergonomic}
    uintx ProfiledCodeHeapSize                     = 122910970                              {pd product} {ergonomic}
    uintx ReservedCodeCacheSize                    = 251658240                              {pd product} {ergonomic}
     bool SegmentedCodeCache                       = true                                      {product} {ergonomic}
     bool UseCompressedClassPointers               = true                                 {lp64_product} {ergonomic}
     bool UseCompressedOops                        = true                                 {lp64_product} {ergonomic}
     bool UseG1GC                                  = true                                      {product} {ergonomic}
     bool UseLargePagesIndividualAllocation        = false                                  {pd product} {ergonomic}

Logging:
Log output configuration:
 #0: stdout all=warning uptime,level,tags
 #1: stderr all=off uptime,level,tags

Environment Variables:
CLASSPATH=C:\Program Files\Java\jdk-11.0.5\lib
PATH=C:/Program Files/Java/jdk-11.0.5/bin/server;C:/Program Files/Java/jdk-11.0.5/bin;C:\Program Files (x86)\Intel\Intel(R) Management Engine Components\iCLS\;C:\Program Files\Intel\Intel(R) Management Engine Components\iCLS\;C:\Windows\system32;C:\Windows;C:\Windows\System32\Wbem;C:\Windows\System32\WindowsPowerShell\v1.0\;C:\Windows\System32\OpenSSH\;C:\Program Files (x86)\Intel\Intel(R) Management Engine Components\DAL;C:\Program Files\Intel\Intel(R) Management Engine Components\DAL;C:\Program Files\TortoiseSVN\bin;C:\Program Files\Intel\WiFi\bin\;C:\Program Files\Common Files\Intel\WirelessCommon\;C:\apache-maven-3.6.3\bin;C:\Program Files\dotnet\;C:\Program Files\Microsoft SQL Server\130\Tools\Binn\;C:\Program Files\Microsoft SQL Server\Client SDK\ODBC\170\Tools\Binn\;C:\Program Files\Java\jdk-11.0.5\bin;C:\Windows\system32;
USERNAME=anamikasaluja
OS=Windows_NT
PROCESSOR_IDENTIFIER=Intel64 Family 6 Model 142 Stepping 10, GenuineIntel



---------------  S Y S T E M  ---------------

OS: Windows 10 , 64 bit Build 17763 (10.0.17763.475)

CPU:total 8 (initial active 8) (4 cores per cpu, 2 threads per core) family 6 model 142 stepping 10, cmov, cx8, fxsr, mmx, sse, sse2, sse3, ssse3, sse4.1, sse4.2, popcnt, avx, avx2, aes, clmul, erms, 3dnowpref, lzcnt, ht, tsc, tscinvbit, bmi1, bmi2, adx, fma

Memory: 4k page, system-wide physical 16238M (4679M free)
TotalPageFile size 25817M (AvailPageFile size 5M)
current process WorkingSet (physical memory assigned to process): 112M, peak: 120M
current process commit charge ("private bytes"): 375M, peak: 383M

vm_info: Java HotSpot(TM) 64-Bit Server VM (11.0.5+10-LTS) for windows-amd64 JRE (11.0.5+10-LTS), built on Oct  6 2019 12:37:14 by "mach5one" with MS VC++ 15.5 (VS2017)

END.
