#
# There is insufficient memory for the Java Runtime Environment to continue.
# Native memory allocation (malloc) failed to allocate 32744 bytes for ChunkPool::allocate
# Possible reasons:
#   The system is out of physical RAM or swap space
#   The process is running with CompressedOops enabled, and the Java Heap may be blocking the growth of the native heap
# Possible solutions:
#   Reduce memory load on the system
#   Increase physical memory or swap space
#   Check if swap backing store is full
#   Decrease Java heap size (-Xmx/-Xms)
#   Decrease number of Java threads
#   Decrease Java thread stack sizes (-Xss)
#   Set larger code cache with -XX:ReservedCodeCacheSize=
#   JVM is running with Zero Based Compressed Oops mode in which the Java heap is
#     placed in the first 32GB address space. The Java Heap base address is the
#     maximum limit for the native heap growth. Please use -XX:HeapBaseMinAddress
#     to set the Java Heap base and to place the Java Heap above 32GB virtual address.
# This output file may be truncated or incomplete.
#
#  Out of Memory Error (t:/workspace/open/src/hotspot/share/memory/arena.cpp:81), pid=30344, tid=16792
#
# JRE version: Java(TM) SE Runtime Environment (11.0.5+10) (build 11.0.5+10-LTS)
# Java VM: Java HotSpot(TM) 64-Bit Server VM (11.0.5+10-LTS, mixed mode, tiered, compressed oops, g1 gc, windows-amd64)
# No core dump will be written. Minidumps are not enabled by default on client versions of Windows
#

---------------  S U M M A R Y ------------

Command Line: -ea -Dfile.encoding=Cp1252 org.testng.remote.RemoteTestNG -serport 59411 -protocol json -d D:\Eclipse\Amazon_Assignment\test-output C:\Users\ANAMIK~1\AppData\Local\Temp\testng-eclipse--1894248050\testng-customsuite.xml

Host: Intel(R) Core(TM) i5-8250U CPU @ 1.60GHz, 8 cores, 15G,  Windows 10 , 64 bit Build 17763 (10.0.17763.475)
Time: Thu May 21 18:15:14 2020 India Standard Time elapsed time: 31 seconds (0d 0h 0m 31s)

---------------  T H R E A D  ---------------

Current thread (0x000002389ac9c000):  JavaThread "main" [_thread_in_vm, id=16792, stack(0x000000ed89400000,0x000000ed89500000)]

Stack: [0x000000ed89400000,0x000000ed89500000]
Native frames: (J=compiled Java code, j=interpreted, Vv=VM code, C=native code)
V  [jvm.dll+0x63611a]
V  [jvm.dll+0x77426f]
V  [jvm.dll+0x77591a]
V  [jvm.dll+0x775fd3]
V  [jvm.dll+0x25e608]
V  [jvm.dll+0xc215b]
V  [jvm.dll+0xc24bc]
V  [jvm.dll+0x1dc3ef]
V  [jvm.dll+0x1dce44]
V  [jvm.dll+0x1d1f87]
V  [jvm.dll+0x5179e5]
V  [jvm.dll+0x70f199]
V  [jvm.dll+0x7588f3]
V  [jvm.dll+0x7563dd]
C  0x00000238ac537eec

Java frames: (J=compiled Java code, j=interpreted, Vv=VM code)
J 1807  jdk.internal.misc.Unsafe.defineAnonymousClass0(Ljava/lang/Class;[B[Ljava/lang/Object;)Ljava/lang/Class; java.base@11.0.5 (0 bytes) @ 0x00000238ac537e4c [0x00000238ac537dc0+0x000000000000008c]
J 1713 c1 jdk.internal.misc.Unsafe.defineAnonymousClass(Ljava/lang/Class;[B[Ljava/lang/Object;)Ljava/lang/Class; java.base@11.0.5 (46 bytes) @ 0x00000238a52dbf6c [0x00000238a52dbda0+0x00000000000001cc]
j  java.lang.invoke.InnerClassLambdaMetafactory.spinInnerClass()Ljava/lang/Class;+511 java.base@11.0.5
j  java.lang.invoke.InnerClassLambdaMetafactory.buildCallSite()Ljava/lang/invoke/CallSite;+1 java.base@11.0.5
J 1793 c1 java.lang.invoke.LambdaMetafactory.metafactory(Ljava/lang/invoke/MethodHandles$Lookup;Ljava/lang/String;Ljava/lang/invoke/MethodType;Ljava/lang/invoke/MethodType;Ljava/lang/invoke/MethodHandle;Ljava/lang/invoke/MethodType;)Ljava/lang/invoke/CallSite; java.base@11.0.5 (35 bytes) @ 0x00000238a5306034 [0x00000238a5305e60+0x00000000000001d4]
j  java.lang.invoke.LambdaForm$DMH.invokeStatic(Ljava/lang/Object;Ljava/lang/Object;Ljava/lang/Object;Ljava/lang/Object;Ljava/lang/Object;Ljava/lang/Object;Ljava/lang/Object;)Ljava/lang/Object;+26 java.base@11.0.5
J 1792 c1 java.lang.invoke.Invokers$Holder.invokeExact_MT(Ljava/lang/Object;Ljava/lang/Object;Ljava/lang/Object;Ljava/lang/Object;Ljava/lang/Object;Ljava/lang/Object;Ljava/lang/Object;Ljava/lang/Object;)Ljava/lang/Object; java.base@11.0.5 (32 bytes) @ 0x00000238a53057a4 [0x00000238a5305040+0x0000000000000764]
j  java.lang.invoke.BootstrapMethodInvoker.invoke(Ljava/lang/Class;Ljava/lang/invoke/MethodHandle;Ljava/lang/String;Ljava/lang/Object;Ljava/lang/Object;Ljava/lang/Class;)Ljava/lang/Object;+262 java.base@11.0.5
J 1783 c1 java.lang.invoke.CallSite.makeSite(Ljava/lang/invoke/MethodHandle;Ljava/lang/String;Ljava/lang/invoke/MethodType;Ljava/lang/Object;Ljava/lang/Class;)Ljava/lang/invoke/CallSite; java.base@11.0.5 (91 bytes) @ 0x00000238a5300664 [0x00000238a53005e0+0x0000000000000084]
J 1782 c1 java.lang.invoke.MethodHandleNatives.linkCallSiteImpl(Ljava/lang/Class;Ljava/lang/invoke/MethodHandle;Ljava/lang/String;Ljava/lang/invoke/MethodType;Ljava/lang/Object;[Ljava/lang/Object;)Ljava/lang/invoke/MemberName; java.base@11.0.5 (44 bytes) @ 0x00000238a52ff7ac [0x00000238a52ff740+0x000000000000006c]
J 1781 c1 java.lang.invoke.MethodHandleNatives.linkCallSite(Ljava/lang/Object;ILjava/lang/Object;Ljava/lang/Object;Ljava/lang/Object;Ljava/lang/Object;[Ljava/lang/Object;)Ljava/lang/invoke/MemberName; java.base@11.0.5 (66 bytes) @ 0x00000238a52ff1dc [0x00000238a52fed80+0x000000000000045c]
v  ~StubRoutines::call_stub
j  org.testng.internal.BaseTestMethod.relyOnParametersToBeUsedAsKeys([Ljava/lang/Object;)Z+38
j  org.testng.internal.BaseTestMethod.getRetryAnalyzerConsideringMethodParameters(Lorg/testng/ITestResult;)Lorg/testng/IRetryAnalyzer;+8
j  org.testng.internal.BaseTestMethod.getRetryAnalyzer(Lorg/testng/ITestResult;)Lorg/testng/IRetryAnalyzer;+2
j  org.testng.internal.TestInvoker.handleInvocationResults(Lorg/testng/ITestNGMethod;Lorg/testng/ITestResult;Lorg/testng/internal/ITestInvoker$FailureContext;Lorg/testng/internal/TestInvoker$StatusHolder;Z)V+32
j  org.testng.internal.TestInvoker.invokeMethod(Lorg/testng/internal/TestMethodArguments;Lorg/testng/xml/XmlSuite;Lorg/testng/internal/ITestInvoker$FailureContext;)Lorg/testng/ITestResult;+1019
j  org.testng.internal.TestInvoker.invokeTestMethod(Lorg/testng/internal/TestMethodArguments;Lorg/testng/xml/XmlSuite;Lorg/testng/internal/ITestInvoker$FailureContext;)Lorg/testng/ITestResult;+16
j  org.testng.internal.MethodRunner.runInSequence(Lorg/testng/internal/TestMethodArguments;Lorg/testng/internal/ITestInvoker;Lorg/testng/ITestContext;Ljava/util/concurrent/atomic/AtomicInteger;Lorg/testng/internal/ITestInvoker$FailureContext;Ljava/util/Iterator;Z)Ljava/util/List;+127
j  org.testng.internal.TestInvoker$MethodInvocationAgent.invoke(I)I+313
j  org.testng.internal.TestInvoker.invokeTestMethods(Lorg/testng/ITestNGMethod;Lorg/testng/internal/ConfigurationGroupMethods;Ljava/lang/Object;Lorg/testng/ITestContext;)Ljava/util/List;+404
j  org.testng.internal.TestMethodWorker.invokeTestMethods(Lorg/testng/ITestNGMethod;Ljava/lang/Object;)V+14
j  org.testng.internal.TestMethodWorker.run()V+127
j  org.testng.TestRunner$$Lambda$321.accept(Ljava/lang/Object;)V+7
j  java.util.ArrayList.forEach(Ljava/util/function/Consumer;)V+46 java.base@11.0.5
j  org.testng.TestRunner.privateRun(Lorg/testng/xml/XmlTest;)V+356
j  org.testng.TestRunner.run()V+25
j  org.testng.SuiteRunner.runTest(Lorg/testng/TestRunner;)V+21
j  org.testng.SuiteRunner.runSequentially()V+31
j  org.testng.SuiteRunner.privateRun()V+296
j  org.testng.SuiteRunner.run()V+6
j  org.testng.SuiteRunnerWorker.runSuite(Lorg/testng/internal/SuiteRunnerMap;Lorg/testng/xml/XmlSuite;)V+87
j  org.testng.SuiteRunnerWorker.run()V+12
j  org.testng.TestNG.runSuitesSequentially(Lorg/testng/xml/XmlSuite;Lorg/testng/internal/SuiteRunnerMap;ILjava/lang/String;)V+66
j  org.testng.TestNG.runSuitesLocally()Ljava/util/List;+156
j  org.testng.TestNG.runSuites()Ljava/util/List;+1
j  org.testng.TestNG.run()V+25
j  org.testng.remote.AbstractRemoteTestNG.run()V+149
j  org.testng.remote.RemoteTestNG.initAndRun(Lorg/testng/remote/IRemoteTestNG;[Ljava/lang/String;Lorg/testng/CommandLineArgs;Lorg/testng/remote/RemoteArgs;)V+184
j  org.testng.remote.RemoteTestNG.main([Ljava/lang/String;)V+201
v  ~StubRoutines::call_stub

---------------  P R O C E S S  ---------------

Threads class SMR info:
_java_thread_list=0x00000238c251f670, length=17, elements={
0x000002389ac9c000, 0x00000238c0e04800, 0x00000238c0e06000, 0x00000238c0e9e800,
0x00000238c0e9f800, 0x00000238c0ea1800, 0x00000238c0e54800, 0x00000238c0e55800,
0x00000238c1006000, 0x00000238c1009000, 0x00000238c117e000, 0x00000238c246b000,
0x00000238c22b2800, 0x00000238c2397800, 0x00000238c2324000, 0x00000238c21b7800,
0x00000238c22b9800
}

Java Threads: ( => current thread )
=>0x000002389ac9c000 JavaThread "main" [_thread_in_vm, id=16792, stack(0x000000ed89400000,0x000000ed89500000)]
  0x00000238c0e04800 JavaThread "Reference Handler" daemon [_thread_blocked, id=28080, stack(0x000000ed89b00000,0x000000ed89c00000)]
  0x00000238c0e06000 JavaThread "Finalizer" daemon [_thread_blocked, id=43564, stack(0x000000ed89c00000,0x000000ed89d00000)]
  0x00000238c0e9e800 JavaThread "Signal Dispatcher" daemon [_thread_blocked, id=30800, stack(0x000000ed89d00000,0x000000ed89e00000)]
  0x00000238c0e9f800 JavaThread "Attach Listener" daemon [_thread_blocked, id=38984, stack(0x000000ed89e00000,0x000000ed89f00000)]
  0x00000238c0ea1800 JavaThread "C2 CompilerThread0" daemon [_thread_blocked, id=39520, stack(0x000000ed89f00000,0x000000ed8a000000)]
  0x00000238c0e54800 JavaThread "C1 CompilerThread0" daemon [_thread_blocked, id=3712, stack(0x000000ed8a000000,0x000000ed8a100000)]
  0x00000238c0e55800 JavaThread "Sweeper thread" daemon [_thread_blocked, id=43796, stack(0x000000ed8a100000,0x000000ed8a200000)]
  0x00000238c1006000 JavaThread "Service Thread" daemon [_thread_blocked, id=42864, stack(0x000000ed8a200000,0x000000ed8a300000)]
  0x00000238c1009000 JavaThread "Common-Cleaner" daemon [_thread_blocked, id=26404, stack(0x000000ed8a400000,0x000000ed8a500000)]
  0x00000238c117e000 JavaThread "ReaderThread" [_thread_in_native, id=32112, stack(0x000000ed8a700000,0x000000ed8a800000)]
  0x00000238c246b000 JavaThread "Exec Default Executor" daemon [_thread_in_native, id=37360, stack(0x000000ed8ae00000,0x000000ed8af00000)]
  0x00000238c22b2800 JavaThread "UrlChecker-2" daemon [_thread_blocked, id=44856, stack(0x000000ed8af00000,0x000000ed8b000000)]
  0x00000238c2397800 JavaThread "Exec Stream Pumper" daemon [_thread_in_native, id=40880, stack(0x000000ed8b000000,0x000000ed8b100000)]
  0x00000238c2324000 JavaThread "Exec Stream Pumper" daemon [_thread_in_native, id=43236, stack(0x000000ed8b100000,0x000000ed8b200000)]
  0x00000238c21b7800 JavaThread "OkHttp ConnectionPool" daemon [_thread_blocked, id=31892, stack(0x000000ed8b200000,0x000000ed8b300000)]
  0x00000238c22b9800 JavaThread "Okio Watchdog" daemon [_thread_blocked, id=25832, stack(0x000000ed8b300000,0x000000ed8b400000)]

Other Threads:
  0x00000238c057e800 VMThread "VM Thread" [stack: 0x000000ed89a00000,0x000000ed89b00000] [id=36588]
  0x00000238c100c800 WatcherThread [stack: 0x000000ed8a300000,0x000000ed8a400000] [id=16588]
  0x000002389acb3000 GCTaskThread "GC Thread#0" [stack: 0x000000ed89500000,0x000000ed89600000] [id=25704]
  0x00000238c21e0000 GCTaskThread "GC Thread#1" [stack: 0x000000ed8a800000,0x000000ed8a900000] [id=40520]
  0x00000238c216e800 GCTaskThread "GC Thread#2" [stack: 0x000000ed8a900000,0x000000ed8aa00000] [id=41188]
  0x00000238c217e800 GCTaskThread "GC Thread#3" [stack: 0x000000ed8aa00000,0x000000ed8ab00000] [id=38552]
  0x00000238c21a8800 GCTaskThread "GC Thread#4" [stack: 0x000000ed8ab00000,0x000000ed8ac00000] [id=44012]
  0x00000238c21a9000 GCTaskThread "GC Thread#5" [stack: 0x000000ed8ac00000,0x000000ed8ad00000] [id=43044]
  0x000002389ad0e000 ConcurrentGCThread "G1 Main Marker" [stack: 0x000000ed89600000,0x000000ed89700000] [id=5876]
  0x000002389ad0f800 ConcurrentGCThread "G1 Conc#0" [stack: 0x000000ed89700000,0x000000ed89800000] [id=22756]
  0x00000238c241a800 ConcurrentGCThread "G1 Conc#1" [stack: 0x000000ed8ad00000,0x000000ed8ae00000] [id=37196]
  0x00000238c0469000 ConcurrentGCThread "G1 Refine#0" [stack: 0x000000ed89800000,0x000000ed89900000] [id=42092]
  0x00000238c046a000 ConcurrentGCThread "G1 Young RemSet Sampling" [stack: 0x000000ed89900000,0x000000ed89a00000] [id=26908]

Threads with active compile tasks:

VM state:not at safepoint (normal execution)

VM Mutex/Monitor currently owned by a thread: None

Heap address: 0x0000000702400000, size: 4060 MB, Compressed Oops mode: Zero based, Oop shift amount: 3
Narrow klass base: 0x0000000800000000, Narrow klass shift: 0
Compressed class space size: 1073741824 Address: 0x0000000800000000

Heap:
 garbage-first heap   total 260096K, used 22730K [0x0000000702400000, 0x0000000800000000)
  region size 1024K, 20 young (20480K), 5 survivors (5120K)
 Metaspace       used 24726K, capacity 25352K, committed 25520K, reserved 1071104K
  class space    used 2736K, capacity 2976K, committed 3072K, reserved 1048576K
Heap Regions: E=young(eden), S=young(survivor), O=old, HS=humongous(starts), HC=humongous(continues), CS=collection set, F=free, A=archive, TAMS=top-at-mark-start (previous, next)
|   0|0x0000000702400000, 0x0000000702500000, 0x0000000702500000|100%| O|  |TAMS 0x0000000702500000, 0x0000000702400000| Untracked 
|   1|0x0000000702500000, 0x0000000702600000, 0x0000000702600000|100%| O|  |TAMS 0x0000000702600000, 0x0000000702500000| Untracked 
|   2|0x0000000702600000, 0x0000000702700000, 0x0000000702700000|100%| O|  |TAMS 0x0000000702700000, 0x0000000702600000| Untracked 
|   3|0x0000000702700000, 0x000000070276b200, 0x0000000702800000| 41%| O|  |TAMS 0x000000070276b200, 0x0000000702700000| Untracked 
|   4|0x0000000702800000, 0x0000000702800000, 0x0000000702900000|  0%| F|  |TAMS 0x0000000702800000, 0x0000000702800000| Untracked 
|   5|0x0000000702900000, 0x0000000702900000, 0x0000000702a00000|  0%| F|  |TAMS 0x0000000702900000, 0x0000000702900000| Untracked 
|   6|0x0000000702a00000, 0x0000000702a00000, 0x0000000702b00000|  0%| F|  |TAMS 0x0000000702a00000, 0x0000000702a00000| Untracked 
|   7|0x0000000702b00000, 0x0000000702b00000, 0x0000000702c00000|  0%| F|  |TAMS 0x0000000702b00000, 0x0000000702b00000| Untracked 
|   8|0x0000000702c00000, 0x0000000702c00000, 0x0000000702d00000|  0%| F|  |TAMS 0x0000000702c00000, 0x0000000702c00000| Untracked 
|   9|0x0000000702d00000, 0x0000000702d00000, 0x0000000702e00000|  0%| F|  |TAMS 0x0000000702d00000, 0x0000000702d00000| Untracked 
|  10|0x0000000702e00000, 0x0000000702e00000, 0x0000000702f00000|  0%| F|  |TAMS 0x0000000702e00000, 0x0000000702e00000| Untracked 
|  11|0x0000000702f00000, 0x0000000702f00000, 0x0000000703000000|  0%| F|  |TAMS 0x0000000702f00000, 0x0000000702f00000| Untracked 
|  12|0x0000000703000000, 0x0000000703000000, 0x0000000703100000|  0%| F|  |TAMS 0x0000000703000000, 0x0000000703000000| Untracked 
|  13|0x0000000703100000, 0x0000000703100000, 0x0000000703200000|  0%| F|  |TAMS 0x0000000703100000, 0x0000000703100000| Untracked 
|  14|0x0000000703200000, 0x0000000703200000, 0x0000000703300000|  0%| F|  |TAMS 0x0000000703200000, 0x0000000703200000| Untracked 
|  15|0x0000000703300000, 0x0000000703300000, 0x0000000703400000|  0%| F|  |TAMS 0x0000000703300000, 0x0000000703300000| Untracked 
|  16|0x0000000703400000, 0x0000000703400000, 0x0000000703500000|  0%| F|  |TAMS 0x0000000703400000, 0x0000000703400000| Untracked 
|  17|0x0000000703500000, 0x0000000703500000, 0x0000000703600000|  0%| F|  |TAMS 0x0000000703500000, 0x0000000703500000| Untracked 
|  18|0x0000000703600000, 0x0000000703600000, 0x0000000703700000|  0%| F|  |TAMS 0x0000000703600000, 0x0000000703600000| Untracked 
|  19|0x0000000703700000, 0x0000000703700000, 0x0000000703800000|  0%| F|  |TAMS 0x0000000703700000, 0x0000000703700000| Untracked 
|  20|0x0000000703800000, 0x0000000703800000, 0x0000000703900000|  0%| F|  |TAMS 0x0000000703800000, 0x0000000703800000| Untracked 
|  21|0x0000000703900000, 0x0000000703900000, 0x0000000703a00000|  0%| F|  |TAMS 0x0000000703900000, 0x0000000703900000| Untracked 
|  22|0x0000000703a00000, 0x0000000703a00000, 0x0000000703b00000|  0%| F|  |TAMS 0x0000000703a00000, 0x0000000703a00000| Untracked 
|  23|0x0000000703b00000, 0x0000000703b00000, 0x0000000703c00000|  0%| F|  |TAMS 0x0000000703b00000, 0x0000000703b00000| Untracked 
|  24|0x0000000703c00000, 0x0000000703c00000, 0x0000000703d00000|  0%| F|  |TAMS 0x0000000703c00000, 0x0000000703c00000| Untracked 
|  25|0x0000000703d00000, 0x0000000703d00000, 0x0000000703e00000|  0%| F|  |TAMS 0x0000000703d00000, 0x0000000703d00000| Untracked 
|  26|0x0000000703e00000, 0x0000000703e00000, 0x0000000703f00000|  0%| F|  |TAMS 0x0000000703e00000, 0x0000000703e00000| Untracked 
|  27|0x0000000703f00000, 0x0000000703f00000, 0x0000000704000000|  0%| F|  |TAMS 0x0000000703f00000, 0x0000000703f00000| Untracked 
|  28|0x0000000704000000, 0x0000000704000000, 0x0000000704100000|  0%| F|  |TAMS 0x0000000704000000, 0x0000000704000000| Untracked 
|  29|0x0000000704100000, 0x0000000704100000, 0x0000000704200000|  0%| F|  |TAMS 0x0000000704100000, 0x0000000704100000| Untracked 
|  30|0x0000000704200000, 0x0000000704200000, 0x0000000704300000|  0%| F|  |TAMS 0x0000000704200000, 0x0000000704200000| Untracked 
|  31|0x0000000704300000, 0x0000000704300000, 0x0000000704400000|  0%| F|  |TAMS 0x0000000704300000, 0x0000000704300000| Untracked 
|  32|0x0000000704400000, 0x0000000704400000, 0x0000000704500000|  0%| F|  |TAMS 0x0000000704400000, 0x0000000704400000| Untracked 
|  33|0x0000000704500000, 0x0000000704500000, 0x0000000704600000|  0%| F|  |TAMS 0x0000000704500000, 0x0000000704500000| Untracked 
|  34|0x0000000704600000, 0x0000000704600000, 0x0000000704700000|  0%| F|  |TAMS 0x0000000704600000, 0x0000000704600000| Untracked 
|  35|0x0000000704700000, 0x0000000704700000, 0x0000000704800000|  0%| F|  |TAMS 0x0000000704700000, 0x0000000704700000| Untracked 
|  36|0x0000000704800000, 0x0000000704800000, 0x0000000704900000|  0%| F|  |TAMS 0x0000000704800000, 0x0000000704800000| Untracked 
|  37|0x0000000704900000, 0x0000000704900000, 0x0000000704a00000|  0%| F|  |TAMS 0x0000000704900000, 0x0000000704900000| Untracked 
|  38|0x0000000704a00000, 0x0000000704a00000, 0x0000000704b00000|  0%| F|  |TAMS 0x0000000704a00000, 0x0000000704a00000| Untracked 
|  39|0x0000000704b00000, 0x0000000704b00000, 0x0000000704c00000|  0%| F|  |TAMS 0x0000000704b00000, 0x0000000704b00000| Untracked 
|  40|0x0000000704c00000, 0x0000000704c00000, 0x0000000704d00000|  0%| F|  |TAMS 0x0000000704c00000, 0x0000000704c00000| Untracked 
|  41|0x0000000704d00000, 0x0000000704d00000, 0x0000000704e00000|  0%| F|  |TAMS 0x0000000704d00000, 0x0000000704d00000| Untracked 
|  42|0x0000000704e00000, 0x0000000704e00000, 0x0000000704f00000|  0%| F|  |TAMS 0x0000000704e00000, 0x0000000704e00000| Untracked 
|  43|0x0000000704f00000, 0x0000000704f00000, 0x0000000705000000|  0%| F|  |TAMS 0x0000000704f00000, 0x0000000704f00000| Untracked 
|  44|0x0000000705000000, 0x0000000705000000, 0x0000000705100000|  0%| F|  |TAMS 0x0000000705000000, 0x0000000705000000| Untracked 
|  45|0x0000000705100000, 0x0000000705100000, 0x0000000705200000|  0%| F|  |TAMS 0x0000000705100000, 0x0000000705100000| Untracked 
|  46|0x0000000705200000, 0x0000000705200000, 0x0000000705300000|  0%| F|  |TAMS 0x0000000705200000, 0x0000000705200000| Untracked 
|  47|0x0000000705300000, 0x0000000705300000, 0x0000000705400000|  0%| F|  |TAMS 0x0000000705300000, 0x0000000705300000| Untracked 
|  48|0x0000000705400000, 0x0000000705400000, 0x0000000705500000|  0%| F|  |TAMS 0x0000000705400000, 0x0000000705400000| Untracked 
|  49|0x0000000705500000, 0x0000000705500000, 0x0000000705600000|  0%| F|  |TAMS 0x0000000705500000, 0x0000000705500000| Untracked 
|  50|0x0000000705600000, 0x0000000705600000, 0x0000000705700000|  0%| F|  |TAMS 0x0000000705600000, 0x0000000705600000| Untracked 
|  51|0x0000000705700000, 0x0000000705700000, 0x0000000705800000|  0%| F|  |TAMS 0x0000000705700000, 0x0000000705700000| Untracked 
|  52|0x0000000705800000, 0x0000000705800000, 0x0000000705900000|  0%| F|  |TAMS 0x0000000705800000, 0x0000000705800000| Untracked 
|  53|0x0000000705900000, 0x0000000705900000, 0x0000000705a00000|  0%| F|  |TAMS 0x0000000705900000, 0x0000000705900000| Untracked 
|  54|0x0000000705a00000, 0x0000000705a00000, 0x0000000705b00000|  0%| F|  |TAMS 0x0000000705a00000, 0x0000000705a00000| Untracked 
|  55|0x0000000705b00000, 0x0000000705b00000, 0x0000000705c00000|  0%| F|  |TAMS 0x0000000705b00000, 0x0000000705b00000| Untracked 
|  56|0x0000000705c00000, 0x0000000705c00000, 0x0000000705d00000|  0%| F|  |TAMS 0x0000000705c00000, 0x0000000705c00000| Untracked 
|  57|0x0000000705d00000, 0x0000000705d00000, 0x0000000705e00000|  0%| F|  |TAMS 0x0000000705d00000, 0x0000000705d00000| Untracked 
|  58|0x0000000705e00000, 0x0000000705e00000, 0x0000000705f00000|  0%| F|  |TAMS 0x0000000705e00000, 0x0000000705e00000| Untracked 
|  59|0x0000000705f00000, 0x0000000705f00000, 0x0000000706000000|  0%| F|  |TAMS 0x0000000705f00000, 0x0000000705f00000| Untracked 
|  60|0x0000000706000000, 0x0000000706000000, 0x0000000706100000|  0%| F|  |TAMS 0x0000000706000000, 0x0000000706000000| Untracked 
|  61|0x0000000706100000, 0x0000000706100000, 0x0000000706200000|  0%| F|  |TAMS 0x0000000706100000, 0x0000000706100000| Untracked 
|  62|0x0000000706200000, 0x0000000706200000, 0x0000000706300000|  0%| F|  |TAMS 0x0000000706200000, 0x0000000706200000| Untracked 
|  63|0x0000000706300000, 0x0000000706300000, 0x0000000706400000|  0%| F|  |TAMS 0x0000000706300000, 0x0000000706300000| Untracked 
|  64|0x0000000706400000, 0x0000000706400000, 0x0000000706500000|  0%| F|  |TAMS 0x0000000706400000, 0x0000000706400000| Untracked 
|  65|0x0000000706500000, 0x0000000706500000, 0x0000000706600000|  0%| F|  |TAMS 0x0000000706500000, 0x0000000706500000| Untracked 
|  66|0x0000000706600000, 0x0000000706600000, 0x0000000706700000|  0%| F|  |TAMS 0x0000000706600000, 0x0000000706600000| Untracked 
|  67|0x0000000706700000, 0x0000000706700000, 0x0000000706800000|  0%| F|  |TAMS 0x0000000706700000, 0x0000000706700000| Untracked 
|  68|0x0000000706800000, 0x0000000706800000, 0x0000000706900000|  0%| F|  |TAMS 0x0000000706800000, 0x0000000706800000| Untracked 
|  69|0x0000000706900000, 0x0000000706900000, 0x0000000706a00000|  0%| F|  |TAMS 0x0000000706900000, 0x0000000706900000| Untracked 
|  70|0x0000000706a00000, 0x0000000706a00000, 0x0000000706b00000|  0%| F|  |TAMS 0x0000000706a00000, 0x0000000706a00000| Untracked 
|  71|0x0000000706b00000, 0x0000000706b00000, 0x0000000706c00000|  0%| F|  |TAMS 0x0000000706b00000, 0x0000000706b00000| Untracked 
|  72|0x0000000706c00000, 0x0000000706c00000, 0x0000000706d00000|  0%| F|  |TAMS 0x0000000706c00000, 0x0000000706c00000| Untracked 
|  73|0x0000000706d00000, 0x0000000706d00000, 0x0000000706e00000|  0%| F|  |TAMS 0x0000000706d00000, 0x0000000706d00000| Untracked 
|  74|0x0000000706e00000, 0x0000000706e00000, 0x0000000706f00000|  0%| F|  |TAMS 0x0000000706e00000, 0x0000000706e00000| Untracked 
|  75|0x0000000706f00000, 0x0000000706f00000, 0x0000000707000000|  0%| F|  |TAMS 0x0000000706f00000, 0x0000000706f00000| Untracked 
|  76|0x0000000707000000, 0x0000000707000000, 0x0000000707100000|  0%| F|  |TAMS 0x0000000707000000, 0x0000000707000000| Untracked 
|  77|0x0000000707100000, 0x0000000707100000, 0x0000000707200000|  0%| F|  |TAMS 0x0000000707100000, 0x0000000707100000| Untracked 
|  78|0x0000000707200000, 0x0000000707200000, 0x0000000707300000|  0%| F|  |TAMS 0x0000000707200000, 0x0000000707200000| Untracked 
|  79|0x0000000707300000, 0x0000000707300000, 0x0000000707400000|  0%| F|  |TAMS 0x0000000707300000, 0x0000000707300000| Untracked 
|  80|0x0000000707400000, 0x0000000707400000, 0x0000000707500000|  0%| F|  |TAMS 0x0000000707400000, 0x0000000707400000| Untracked 
|  81|0x0000000707500000, 0x0000000707500000, 0x0000000707600000|  0%| F|  |TAMS 0x0000000707500000, 0x0000000707500000| Untracked 
|  82|0x0000000707600000, 0x0000000707600000, 0x0000000707700000|  0%| F|  |TAMS 0x0000000707600000, 0x0000000707600000| Untracked 
|  83|0x0000000707700000, 0x0000000707700000, 0x0000000707800000|  0%| F|  |TAMS 0x0000000707700000, 0x0000000707700000| Untracked 
|  84|0x0000000707800000, 0x0000000707800000, 0x0000000707900000|  0%| F|  |TAMS 0x0000000707800000, 0x0000000707800000| Untracked 
|  85|0x0000000707900000, 0x0000000707900000, 0x0000000707a00000|  0%| F|  |TAMS 0x0000000707900000, 0x0000000707900000| Untracked 
|  86|0x0000000707a00000, 0x0000000707a00000, 0x0000000707b00000|  0%| F|  |TAMS 0x0000000707a00000, 0x0000000707a00000| Untracked 
|  87|0x0000000707b00000, 0x0000000707b00000, 0x0000000707c00000|  0%| F|  |TAMS 0x0000000707b00000, 0x0000000707b00000| Untracked 
|  88|0x0000000707c00000, 0x0000000707c00000, 0x0000000707d00000|  0%| F|  |TAMS 0x0000000707c00000, 0x0000000707c00000| Untracked 
|  89|0x0000000707d00000, 0x0000000707d00000, 0x0000000707e00000|  0%| F|  |TAMS 0x0000000707d00000, 0x0000000707d00000| Untracked 
|  90|0x0000000707e00000, 0x0000000707e00000, 0x0000000707f00000|  0%| F|  |TAMS 0x0000000707e00000, 0x0000000707e00000| Untracked 
|  91|0x0000000707f00000, 0x0000000707f00000, 0x0000000708000000|  0%| F|  |TAMS 0x0000000707f00000, 0x0000000707f00000| Untracked 
|  92|0x0000000708000000, 0x0000000708000000, 0x0000000708100000|  0%| F|  |TAMS 0x0000000708000000, 0x0000000708000000| Untracked 
|  93|0x0000000708100000, 0x0000000708100000, 0x0000000708200000|  0%| F|  |TAMS 0x0000000708100000, 0x0000000708100000| Untracked 
|  94|0x0000000708200000, 0x0000000708200000, 0x0000000708300000|  0%| F|  |TAMS 0x0000000708200000, 0x0000000708200000| Untracked 
|  95|0x0000000708300000, 0x0000000708300000, 0x0000000708400000|  0%| F|  |TAMS 0x0000000708300000, 0x0000000708300000| Untracked 
|  96|0x0000000708400000, 0x0000000708400000, 0x0000000708500000|  0%| F|  |TAMS 0x0000000708400000, 0x0000000708400000| Untracked 
|  97|0x0000000708500000, 0x0000000708500000, 0x0000000708600000|  0%| F|  |TAMS 0x0000000708500000, 0x0000000708500000| Untracked 
|  98|0x0000000708600000, 0x0000000708600000, 0x0000000708700000|  0%| F|  |TAMS 0x0000000708600000, 0x0000000708600000| Untracked 
|  99|0x0000000708700000, 0x0000000708700000, 0x0000000708800000|  0%| F|  |TAMS 0x0000000708700000, 0x0000000708700000| Untracked 
| 100|0x0000000708800000, 0x0000000708800000, 0x0000000708900000|  0%| F|  |TAMS 0x0000000708800000, 0x0000000708800000| Untracked 
| 101|0x0000000708900000, 0x0000000708900000, 0x0000000708a00000|  0%| F|  |TAMS 0x0000000708900000, 0x0000000708900000| Untracked 
| 102|0x0000000708a00000, 0x0000000708a00000, 0x0000000708b00000|  0%| F|  |TAMS 0x0000000708a00000, 0x0000000708a00000| Untracked 
| 103|0x0000000708b00000, 0x0000000708b00000, 0x0000000708c00000|  0%| F|  |TAMS 0x0000000708b00000, 0x0000000708b00000| Untracked 
| 104|0x0000000708c00000, 0x0000000708c00000, 0x0000000708d00000|  0%| F|  |TAMS 0x0000000708c00000, 0x0000000708c00000| Untracked 
| 105|0x0000000708d00000, 0x0000000708d00000, 0x0000000708e00000|  0%| F|  |TAMS 0x0000000708d00000, 0x0000000708d00000| Untracked 
| 106|0x0000000708e00000, 0x0000000708e00000, 0x0000000708f00000|  0%| F|  |TAMS 0x0000000708e00000, 0x0000000708e00000| Untracked 
| 107|0x0000000708f00000, 0x0000000708f00000, 0x0000000709000000|  0%| F|  |TAMS 0x0000000708f00000, 0x0000000708f00000| Untracked 
| 108|0x0000000709000000, 0x0000000709000000, 0x0000000709100000|  0%| F|  |TAMS 0x0000000709000000, 0x0000000709000000| Untracked 
| 109|0x0000000709100000, 0x0000000709100000, 0x0000000709200000|  0%| F|  |TAMS 0x0000000709100000, 0x0000000709100000| Untracked 
| 110|0x0000000709200000, 0x0000000709200000, 0x0000000709300000|  0%| F|  |TAMS 0x0000000709200000, 0x0000000709200000| Untracked 
| 111|0x0000000709300000, 0x0000000709300000, 0x0000000709400000|  0%| F|  |TAMS 0x0000000709300000, 0x0000000709300000| Untracked 
| 112|0x0000000709400000, 0x0000000709400000, 0x0000000709500000|  0%| F|  |TAMS 0x0000000709400000, 0x0000000709400000| Untracked 
| 113|0x0000000709500000, 0x0000000709500000, 0x0000000709600000|  0%| F|  |TAMS 0x0000000709500000, 0x0000000709500000| Untracked 
| 114|0x0000000709600000, 0x0000000709600000, 0x0000000709700000|  0%| F|  |TAMS 0x0000000709600000, 0x0000000709600000| Untracked 
| 115|0x0000000709700000, 0x0000000709700000, 0x0000000709800000|  0%| F|  |TAMS 0x0000000709700000, 0x0000000709700000| Untracked 
| 116|0x0000000709800000, 0x0000000709800000, 0x0000000709900000|  0%| F|  |TAMS 0x0000000709800000, 0x0000000709800000| Untracked 
| 117|0x0000000709900000, 0x0000000709900000, 0x0000000709a00000|  0%| F|  |TAMS 0x0000000709900000, 0x0000000709900000| Untracked 
| 118|0x0000000709a00000, 0x0000000709a00000, 0x0000000709b00000|  0%| F|  |TAMS 0x0000000709a00000, 0x0000000709a00000| Untracked 
| 119|0x0000000709b00000, 0x0000000709b00000, 0x0000000709c00000|  0%| F|  |TAMS 0x0000000709b00000, 0x0000000709b00000| Untracked 
| 120|0x0000000709c00000, 0x0000000709c00000, 0x0000000709d00000|  0%| F|  |TAMS 0x0000000709c00000, 0x0000000709c00000| Untracked 
| 121|0x0000000709d00000, 0x0000000709d00000, 0x0000000709e00000|  0%| F|  |TAMS 0x0000000709d00000, 0x0000000709d00000| Untracked 
| 122|0x0000000709e00000, 0x0000000709e00000, 0x0000000709f00000|  0%| F|  |TAMS 0x0000000709e00000, 0x0000000709e00000| Untracked 
| 123|0x0000000709f00000, 0x0000000709f00000, 0x000000070a000000|  0%| F|  |TAMS 0x0000000709f00000, 0x0000000709f00000| Untracked 
| 124|0x000000070a000000, 0x000000070a000000, 0x000000070a100000|  0%| F|  |TAMS 0x000000070a000000, 0x000000070a000000| Untracked 
| 125|0x000000070a100000, 0x000000070a100000, 0x000000070a200000|  0%| F|  |TAMS 0x000000070a100000, 0x000000070a100000| Untracked 
| 126|0x000000070a200000, 0x000000070a200000, 0x000000070a300000|  0%| F|  |TAMS 0x000000070a200000, 0x000000070a200000| Untracked 
| 127|0x000000070a300000, 0x000000070a300000, 0x000000070a400000|  0%| F|  |TAMS 0x000000070a300000, 0x000000070a300000| Untracked 
| 128|0x000000070a400000, 0x000000070a400000, 0x000000070a500000|  0%| F|  |TAMS 0x000000070a400000, 0x000000070a400000| Untracked 
| 129|0x000000070a500000, 0x000000070a500000, 0x000000070a600000|  0%| F|  |TAMS 0x000000070a500000, 0x000000070a500000| Untracked 
| 130|0x000000070a600000, 0x000000070a600000, 0x000000070a700000|  0%| F|  |TAMS 0x000000070a600000, 0x000000070a600000| Untracked 
| 131|0x000000070a700000, 0x000000070a700000, 0x000000070a800000|  0%| F|  |TAMS 0x000000070a700000, 0x000000070a700000| Untracked 
| 132|0x000000070a800000, 0x000000070a800000, 0x000000070a900000|  0%| F|  |TAMS 0x000000070a800000, 0x000000070a800000| Untracked 
| 133|0x000000070a900000, 0x000000070a900000, 0x000000070aa00000|  0%| F|  |TAMS 0x000000070a900000, 0x000000070a900000| Untracked 
| 134|0x000000070aa00000, 0x000000070aa00000, 0x000000070ab00000|  0%| F|  |TAMS 0x000000070aa00000, 0x000000070aa00000| Untracked 
| 135|0x000000070ab00000, 0x000000070ab00000, 0x000000070ac00000|  0%| F|  |TAMS 0x000000070ab00000, 0x000000070ab00000| Untracked 
| 136|0x000000070ac00000, 0x000000070ac00000, 0x000000070ad00000|  0%| F|  |TAMS 0x000000070ac00000, 0x000000070ac00000| Untracked 
| 137|0x000000070ad00000, 0x000000070ad00000, 0x000000070ae00000|  0%| F|  |TAMS 0x000000070ad00000, 0x000000070ad00000| Untracked 
| 138|0x000000070ae00000, 0x000000070ae00000, 0x000000070af00000|  0%| F|  |TAMS 0x000000070ae00000, 0x000000070ae00000| Untracked 
| 139|0x000000070af00000, 0x000000070af00000, 0x000000070b000000|  0%| F|  |TAMS 0x000000070af00000, 0x000000070af00000| Untracked 
| 140|0x000000070b000000, 0x000000070b000000, 0x000000070b100000|  0%| F|  |TAMS 0x000000070b000000, 0x000000070b000000| Untracked 
| 141|0x000000070b100000, 0x000000070b100000, 0x000000070b200000|  0%| F|  |TAMS 0x000000070b100000, 0x000000070b100000| Untracked 
| 142|0x000000070b200000, 0x000000070b200000, 0x000000070b300000|  0%| F|  |TAMS 0x000000070b200000, 0x000000070b200000| Untracked 
| 143|0x000000070b300000, 0x000000070b300000, 0x000000070b400000|  0%| F|  |TAMS 0x000000070b300000, 0x000000070b300000| Untracked 
| 144|0x000000070b400000, 0x000000070b400000, 0x000000070b500000|  0%| F|  |TAMS 0x000000070b400000, 0x000000070b400000| Untracked 
| 145|0x000000070b500000, 0x000000070b500000, 0x000000070b600000|  0%| F|  |TAMS 0x000000070b500000, 0x000000070b500000| Untracked 
| 146|0x000000070b600000, 0x000000070b600000, 0x000000070b700000|  0%| F|  |TAMS 0x000000070b600000, 0x000000070b600000| Untracked 
| 147|0x000000070b700000, 0x000000070b700000, 0x000000070b800000|  0%| F|  |TAMS 0x000000070b700000, 0x000000070b700000| Untracked 
| 148|0x000000070b800000, 0x000000070b800000, 0x000000070b900000|  0%| F|  |TAMS 0x000000070b800000, 0x000000070b800000| Untracked 
| 149|0x000000070b900000, 0x000000070b900000, 0x000000070ba00000|  0%| F|  |TAMS 0x000000070b900000, 0x000000070b900000| Untracked 
| 150|0x000000070ba00000, 0x000000070ba00000, 0x000000070bb00000|  0%| F|  |TAMS 0x000000070ba00000, 0x000000070ba00000| Untracked 
| 151|0x000000070bb00000, 0x000000070bb00000, 0x000000070bc00000|  0%| F|  |TAMS 0x000000070bb00000, 0x000000070bb00000| Untracked 
| 152|0x000000070bc00000, 0x000000070bc00000, 0x000000070bd00000|  0%| F|  |TAMS 0x000000070bc00000, 0x000000070bc00000| Untracked 
| 153|0x000000070bd00000, 0x000000070bd00000, 0x000000070be00000|  0%| F|  |TAMS 0x000000070bd00000, 0x000000070bd00000| Untracked 
| 154|0x000000070be00000, 0x000000070be00000, 0x000000070bf00000|  0%| F|  |TAMS 0x000000070be00000, 0x000000070be00000| Untracked 
| 155|0x000000070bf00000, 0x000000070bf00000, 0x000000070c000000|  0%| F|  |TAMS 0x000000070bf00000, 0x000000070bf00000| Untracked 
| 156|0x000000070c000000, 0x000000070c000000, 0x000000070c100000|  0%| F|  |TAMS 0x000000070c000000, 0x000000070c000000| Untracked 
| 157|0x000000070c100000, 0x000000070c100000, 0x000000070c200000|  0%| F|  |TAMS 0x000000070c100000, 0x000000070c100000| Untracked 
| 158|0x000000070c200000, 0x000000070c200000, 0x000000070c300000|  0%| F|  |TAMS 0x000000070c200000, 0x000000070c200000| Untracked 
| 159|0x000000070c300000, 0x000000070c300000, 0x000000070c400000|  0%| F|  |TAMS 0x000000070c300000, 0x000000070c300000| Untracked 
| 160|0x000000070c400000, 0x000000070c400000, 0x000000070c500000|  0%| F|  |TAMS 0x000000070c400000, 0x000000070c400000| Untracked 
| 161|0x000000070c500000, 0x000000070c500000, 0x000000070c600000|  0%| F|  |TAMS 0x000000070c500000, 0x000000070c500000| Untracked 
| 162|0x000000070c600000, 0x000000070c600000, 0x000000070c700000|  0%| F|  |TAMS 0x000000070c600000, 0x000000070c600000| Untracked 
| 163|0x000000070c700000, 0x000000070c700000, 0x000000070c800000|  0%| F|  |TAMS 0x000000070c700000, 0x000000070c700000| Untracked 
| 164|0x000000070c800000, 0x000000070c800000, 0x000000070c900000|  0%| F|  |TAMS 0x000000070c800000, 0x000000070c800000| Untracked 
| 165|0x000000070c900000, 0x000000070c900000, 0x000000070ca00000|  0%| F|  |TAMS 0x000000070c900000, 0x000000070c900000| Untracked 
| 166|0x000000070ca00000, 0x000000070ca00000, 0x000000070cb00000|  0%| F|  |TAMS 0x000000070ca00000, 0x000000070ca00000| Untracked 
| 167|0x000000070cb00000, 0x000000070cb00000, 0x000000070cc00000|  0%| F|  |TAMS 0x000000070cb00000, 0x000000070cb00000| Untracked 
| 168|0x000000070cc00000, 0x000000070cc00000, 0x000000070cd00000|  0%| F|  |TAMS 0x000000070cc00000, 0x000000070cc00000| Untracked 
| 169|0x000000070cd00000, 0x000000070cd00000, 0x000000070ce00000|  0%| F|  |TAMS 0x000000070cd00000, 0x000000070cd00000| Untracked 
| 170|0x000000070ce00000, 0x000000070ce00000, 0x000000070cf00000|  0%| F|  |TAMS 0x000000070ce00000, 0x000000070ce00000| Untracked 
| 171|0x000000070cf00000, 0x000000070cf00000, 0x000000070d000000|  0%| F|  |TAMS 0x000000070cf00000, 0x000000070cf00000| Untracked 
| 172|0x000000070d000000, 0x000000070d000000, 0x000000070d100000|  0%| F|  |TAMS 0x000000070d000000, 0x000000070d000000| Untracked 
| 173|0x000000070d100000, 0x000000070d100000, 0x000000070d200000|  0%| F|  |TAMS 0x000000070d100000, 0x000000070d100000| Untracked 
| 174|0x000000070d200000, 0x000000070d200000, 0x000000070d300000|  0%| F|  |TAMS 0x000000070d200000, 0x000000070d200000| Untracked 
| 175|0x000000070d300000, 0x000000070d300000, 0x000000070d400000|  0%| F|  |TAMS 0x000000070d300000, 0x000000070d300000| Untracked 
| 176|0x000000070d400000, 0x000000070d400000, 0x000000070d500000|  0%| F|  |TAMS 0x000000070d400000, 0x000000070d400000| Untracked 
| 177|0x000000070d500000, 0x000000070d500000, 0x000000070d600000|  0%| F|  |TAMS 0x000000070d500000, 0x000000070d500000| Untracked 
| 178|0x000000070d600000, 0x000000070d600000, 0x000000070d700000|  0%| F|  |TAMS 0x000000070d600000, 0x000000070d600000| Untracked 
| 179|0x000000070d700000, 0x000000070d700000, 0x000000070d800000|  0%| F|  |TAMS 0x000000070d700000, 0x000000070d700000| Untracked 
| 180|0x000000070d800000, 0x000000070d800000, 0x000000070d900000|  0%| F|  |TAMS 0x000000070d800000, 0x000000070d800000| Untracked 
| 181|0x000000070d900000, 0x000000070d900000, 0x000000070da00000|  0%| F|  |TAMS 0x000000070d900000, 0x000000070d900000| Untracked 
| 182|0x000000070da00000, 0x000000070da00000, 0x000000070db00000|  0%| F|  |TAMS 0x000000070da00000, 0x000000070da00000| Untracked 
| 183|0x000000070db00000, 0x000000070db00000, 0x000000070dc00000|  0%| F|  |TAMS 0x000000070db00000, 0x000000070db00000| Untracked 
| 184|0x000000070dc00000, 0x000000070dc00000, 0x000000070dd00000|  0%| F|  |TAMS 0x000000070dc00000, 0x000000070dc00000| Untracked 
| 185|0x000000070dd00000, 0x000000070dd00000, 0x000000070de00000|  0%| F|  |TAMS 0x000000070dd00000, 0x000000070dd00000| Untracked 
| 186|0x000000070de00000, 0x000000070de00000, 0x000000070df00000|  0%| F|  |TAMS 0x000000070de00000, 0x000000070de00000| Untracked 
| 187|0x000000070df00000, 0x000000070df00000, 0x000000070e000000|  0%| F|  |TAMS 0x000000070df00000, 0x000000070df00000| Untracked 
| 188|0x000000070e000000, 0x000000070e000000, 0x000000070e100000|  0%| F|  |TAMS 0x000000070e000000, 0x000000070e000000| Untracked 
| 189|0x000000070e100000, 0x000000070e100000, 0x000000070e200000|  0%| F|  |TAMS 0x000000070e100000, 0x000000070e100000| Untracked 
| 190|0x000000070e200000, 0x000000070e200000, 0x000000070e300000|  0%| F|  |TAMS 0x000000070e200000, 0x000000070e200000| Untracked 
| 191|0x000000070e300000, 0x000000070e300000, 0x000000070e400000|  0%| F|  |TAMS 0x000000070e300000, 0x000000070e300000| Untracked 
| 192|0x000000070e400000, 0x000000070e400000, 0x000000070e500000|  0%| F|  |TAMS 0x000000070e400000, 0x000000070e400000| Untracked 
| 193|0x000000070e500000, 0x000000070e500000, 0x000000070e600000|  0%| F|  |TAMS 0x000000070e500000, 0x000000070e500000| Untracked 
| 194|0x000000070e600000, 0x000000070e600000, 0x000000070e700000|  0%| F|  |TAMS 0x000000070e600000, 0x000000070e600000| Untracked 
| 195|0x000000070e700000, 0x000000070e700000, 0x000000070e800000|  0%| F|  |TAMS 0x000000070e700000, 0x000000070e700000| Untracked 
| 196|0x000000070e800000, 0x000000070e800000, 0x000000070e900000|  0%| F|  |TAMS 0x000000070e800000, 0x000000070e800000| Untracked 
| 197|0x000000070e900000, 0x000000070e900000, 0x000000070ea00000|  0%| F|  |TAMS 0x000000070e900000, 0x000000070e900000| Untracked 
| 198|0x000000070ea00000, 0x000000070ea00000, 0x000000070eb00000|  0%| F|  |TAMS 0x000000070ea00000, 0x000000070ea00000| Untracked 
| 199|0x000000070eb00000, 0x000000070eb00000, 0x000000070ec00000|  0%| F|  |TAMS 0x000000070eb00000, 0x000000070eb00000| Untracked 
| 200|0x000000070ec00000, 0x000000070ec00000, 0x000000070ed00000|  0%| F|  |TAMS 0x000000070ec00000, 0x000000070ec00000| Untracked 
| 201|0x000000070ed00000, 0x000000070ed00000, 0x000000070ee00000|  0%| F|  |TAMS 0x000000070ed00000, 0x000000070ed00000| Untracked 
| 202|0x000000070ee00000, 0x000000070ee00000, 0x000000070ef00000|  0%| F|  |TAMS 0x000000070ee00000, 0x000000070ee00000| Untracked 
| 203|0x000000070ef00000, 0x000000070ef00000, 0x000000070f000000|  0%| F|  |TAMS 0x000000070ef00000, 0x000000070ef00000| Untracked 
| 204|0x000000070f000000, 0x000000070f000000, 0x000000070f100000|  0%| F|  |TAMS 0x000000070f000000, 0x000000070f000000| Untracked 
| 205|0x000000070f100000, 0x000000070f100000, 0x000000070f200000|  0%| F|  |TAMS 0x000000070f100000, 0x000000070f100000| Untracked 
| 206|0x000000070f200000, 0x000000070f200000, 0x000000070f300000|  0%| F|  |TAMS 0x000000070f200000, 0x000000070f200000| Untracked 
| 207|0x000000070f300000, 0x000000070f300000, 0x000000070f400000|  0%| F|  |TAMS 0x000000070f300000, 0x000000070f300000| Untracked 
| 208|0x000000070f400000, 0x000000070f400000, 0x000000070f500000|  0%| F|  |TAMS 0x000000070f400000, 0x000000070f400000| Untracked 
| 209|0x000000070f500000, 0x000000070f500000, 0x000000070f600000|  0%| F|  |TAMS 0x000000070f500000, 0x000000070f500000| Untracked 
| 210|0x000000070f600000, 0x000000070f600000, 0x000000070f700000|  0%| F|  |TAMS 0x000000070f600000, 0x000000070f600000| Untracked 
| 211|0x000000070f700000, 0x000000070f700000, 0x000000070f800000|  0%| F|  |TAMS 0x000000070f700000, 0x000000070f700000| Untracked 
| 212|0x000000070f800000, 0x000000070f800000, 0x000000070f900000|  0%| F|  |TAMS 0x000000070f800000, 0x000000070f800000| Untracked 
| 213|0x000000070f900000, 0x000000070f900000, 0x000000070fa00000|  0%| F|  |TAMS 0x000000070f900000, 0x000000070f900000| Untracked 
| 214|0x000000070fa00000, 0x000000070fa00000, 0x000000070fb00000|  0%| F|  |TAMS 0x000000070fa00000, 0x000000070fa00000| Untracked 
| 215|0x000000070fb00000, 0x000000070fb00000, 0x000000070fc00000|  0%| F|  |TAMS 0x000000070fb00000, 0x000000070fb00000| Untracked 
| 216|0x000000070fc00000, 0x000000070fc00000, 0x000000070fd00000|  0%| F|  |TAMS 0x000000070fc00000, 0x000000070fc00000| Untracked 
| 217|0x000000070fd00000, 0x000000070fd00000, 0x000000070fe00000|  0%| F|  |TAMS 0x000000070fd00000, 0x000000070fd00000| Untracked 
| 218|0x000000070fe00000, 0x000000070fe00000, 0x000000070ff00000|  0%| F|  |TAMS 0x000000070fe00000, 0x000000070fe00000| Untracked 
| 219|0x000000070ff00000, 0x000000070ff00000, 0x0000000710000000|  0%| F|  |TAMS 0x000000070ff00000, 0x000000070ff00000| Untracked 
| 220|0x0000000710000000, 0x0000000710000000, 0x0000000710100000|  0%| F|  |TAMS 0x0000000710000000, 0x0000000710000000| Untracked 
| 221|0x0000000710100000, 0x0000000710100000, 0x0000000710200000|  0%| F|  |TAMS 0x0000000710100000, 0x0000000710100000| Untracked 
| 222|0x0000000710200000, 0x0000000710200000, 0x0000000710300000|  0%| F|  |TAMS 0x0000000710200000, 0x0000000710200000| Untracked 
| 223|0x0000000710300000, 0x0000000710300000, 0x0000000710400000|  0%| F|  |TAMS 0x0000000710300000, 0x0000000710300000| Untracked 
| 224|0x0000000710400000, 0x0000000710400000, 0x0000000710500000|  0%| F|  |TAMS 0x0000000710400000, 0x0000000710400000| Untracked 
| 225|0x0000000710500000, 0x0000000710500000, 0x0000000710600000|  0%| F|  |TAMS 0x0000000710500000, 0x0000000710500000| Untracked 
| 226|0x0000000710600000, 0x0000000710600000, 0x0000000710700000|  0%| F|  |TAMS 0x0000000710600000, 0x0000000710600000| Untracked 
| 227|0x0000000710700000, 0x0000000710700000, 0x0000000710800000|  0%| F|  |TAMS 0x0000000710700000, 0x0000000710700000| Untracked 
| 228|0x0000000710800000, 0x0000000710800000, 0x0000000710900000|  0%| F|  |TAMS 0x0000000710800000, 0x0000000710800000| Untracked 
| 229|0x0000000710900000, 0x0000000710900000, 0x0000000710a00000|  0%| F|  |TAMS 0x0000000710900000, 0x0000000710900000| Untracked 
| 230|0x0000000710a00000, 0x0000000710a00000, 0x0000000710b00000|  0%| F|  |TAMS 0x0000000710a00000, 0x0000000710a00000| Untracked 
| 231|0x0000000710b00000, 0x0000000710b00000, 0x0000000710c00000|  0%| F|  |TAMS 0x0000000710b00000, 0x0000000710b00000| Untracked 
| 232|0x0000000710c00000, 0x0000000710c00000, 0x0000000710d00000|  0%| F|  |TAMS 0x0000000710c00000, 0x0000000710c00000| Untracked 
| 233|0x0000000710d00000, 0x0000000710dc77b0, 0x0000000710e00000| 77%| S|CS|TAMS 0x0000000710d00000, 0x0000000710d00000| Complete 
| 234|0x0000000710e00000, 0x0000000710f00000, 0x0000000710f00000|100%| S|CS|TAMS 0x0000000710e00000, 0x0000000710e00000| Complete 
| 235|0x0000000710f00000, 0x0000000711000000, 0x0000000711000000|100%| S|CS|TAMS 0x0000000710f00000, 0x0000000710f00000| Complete 
| 236|0x0000000711000000, 0x0000000711100000, 0x0000000711100000|100%| S|CS|TAMS 0x0000000711000000, 0x0000000711000000| Complete 
| 237|0x0000000711100000, 0x0000000711200000, 0x0000000711200000|100%| S|CS|TAMS 0x0000000711100000, 0x0000000711100000| Complete 
| 238|0x0000000711200000, 0x0000000711200000, 0x0000000711300000|  0%| F|  |TAMS 0x0000000711200000, 0x0000000711200000| Untracked 
| 239|0x0000000711300000, 0x0000000711400000, 0x0000000711400000|100%| E|  |TAMS 0x0000000711300000, 0x0000000711300000| Complete 
| 240|0x0000000711400000, 0x0000000711500000, 0x0000000711500000|100%| E|CS|TAMS 0x0000000711400000, 0x0000000711400000| Complete 
| 241|0x0000000711500000, 0x0000000711600000, 0x0000000711600000|100%| E|CS|TAMS 0x0000000711500000, 0x0000000711500000| Complete 
| 242|0x0000000711600000, 0x0000000711700000, 0x0000000711700000|100%| E|CS|TAMS 0x0000000711600000, 0x0000000711600000| Complete 
| 243|0x0000000711700000, 0x0000000711800000, 0x0000000711800000|100%| E|CS|TAMS 0x0000000711700000, 0x0000000711700000| Complete 
| 244|0x0000000711800000, 0x0000000711900000, 0x0000000711900000|100%| E|CS|TAMS 0x0000000711800000, 0x0000000711800000| Complete 
| 245|0x0000000711900000, 0x0000000711a00000, 0x0000000711a00000|100%| E|CS|TAMS 0x0000000711900000, 0x0000000711900000| Complete 
| 246|0x0000000711a00000, 0x0000000711b00000, 0x0000000711b00000|100%| E|CS|TAMS 0x0000000711a00000, 0x0000000711a00000| Complete 
| 247|0x0000000711b00000, 0x0000000711c00000, 0x0000000711c00000|100%| E|CS|TAMS 0x0000000711b00000, 0x0000000711b00000| Complete 
| 248|0x0000000711c00000, 0x0000000711d00000, 0x0000000711d00000|100%| E|CS|TAMS 0x0000000711c00000, 0x0000000711c00000| Complete 
| 249|0x0000000711d00000, 0x0000000711e00000, 0x0000000711e00000|100%| E|CS|TAMS 0x0000000711d00000, 0x0000000711d00000| Complete 
| 250|0x0000000711e00000, 0x0000000711f00000, 0x0000000711f00000|100%| E|CS|TAMS 0x0000000711e00000, 0x0000000711e00000| Complete 
| 251|0x0000000711f00000, 0x0000000712000000, 0x0000000712000000|100%| E|CS|TAMS 0x0000000711f00000, 0x0000000711f00000| Complete 
| 252|0x0000000712000000, 0x0000000712100000, 0x0000000712100000|100%| E|CS|TAMS 0x0000000712000000, 0x0000000712000000| Complete 
| 253|0x0000000712100000, 0x0000000712200000, 0x0000000712200000|100%| E|CS|TAMS 0x0000000712100000, 0x0000000712100000| Complete 

Card table byte_map: [0x00000238b4b30000,0x00000238b5320000] _byte_map_base: 0x00000238b131e000

Marking Bits (Prev, Next): (CMBitMap*) 0x000002389acfd390, (CMBitMap*) 0x000002389acfd358
 Prev Bits: [0x00000238b9a80000, 0x00000238bd9f0000)
 Next Bits: [0x00000238b5b10000, 0x00000238b9a80000)

Polling page: 0x000002389ad50000

Metaspace:

Usage:
  Non-class:     21.85 MB capacity,    21.48 MB ( 98%) used,   317.16 KB (  1%) free+waste,    68.19 KB ( <1%) overhead. 
      Class:      2.91 MB capacity,     2.67 MB ( 92%) used,   206.53 KB (  7%) free+waste,    33.44 KB (  1%) overhead. 
       Both:     24.76 MB capacity,    24.15 MB ( 98%) used,   523.70 KB (  2%) free+waste,   101.63 KB ( <1%) overhead. 

Virtual space:
  Non-class space:       22.00 MB reserved,      21.92 MB (>99%) committed 
      Class space:        1.00 GB reserved,       3.00 MB ( <1%) committed 
             Both:        1.02 GB reserved,      24.92 MB (  2%) committed 

Chunk freelists:
   Non-Class:  1.00 KB
       Class:  0 bytes
        Both:  1.00 KB

CodeHeap 'non-profiled nmethods': size=120000Kb used=712Kb max_used=712Kb free=119287Kb
 bounds [0x00000238ac4a0000, 0x00000238ac710000, 0x00000238b39d0000]
CodeHeap 'profiled nmethods': size=120000Kb used=3982Kb max_used=3982Kb free=116018Kb
 bounds [0x00000238a4f70000, 0x00000238a5360000, 0x00000238ac4a0000]
CodeHeap 'non-nmethods': size=5760Kb used=1177Kb max_used=1204Kb free=4582Kb
 bounds [0x00000238a49d0000, 0x00000238a4c40000, 0x00000238a4f70000]
 total_blobs=2885 nmethods=1960 adapters=423
 compilation: enabled
              stopped_count=0, restarted_count=0
 full_count=0

Compilation events (10 events):
Event: 27.200 Thread 0x00000238c0e54800 nmethod 1954 0x00000238a5350b10 code [0x00000238a5350cc0, 0x00000238a5350f98]
Event: 31.243 Thread 0x00000238c0e54800 1955       3       java.util.stream.ReferencePipeline::filter (22 bytes)
Event: 31.244 Thread 0x00000238c0e54800 nmethod 1955 0x00000238a5351010 code [0x00000238a5351220, 0x00000238a53517c0]
Event: 31.244 Thread 0x00000238c0e54800 1956       3       java.util.stream.ReferencePipeline$2::opWrapSink (10 bytes)
Event: 31.245 Thread 0x00000238c0e54800 nmethod 1956 0x00000238a5351a10 code [0x00000238a5351c00, 0x00000238a5352230]
Event: 31.245 Thread 0x00000238c0e54800 1957       3       java.util.stream.ReferencePipeline$2$1::<init> (11 bytes)
Event: 31.245 Thread 0x00000238c0e54800 nmethod 1957 0x00000238a5352410 code [0x00000238a5352600, 0x00000238a5352b70]
Event: 31.245 Thread 0x00000238c0e54800 1958       1       java.util.Formatter$FixedString::index (3 bytes)
Event: 31.245 Thread 0x00000238c0e54800 nmethod 1958 0x00000238ac551910 code [0x00000238ac551ac0, 0x00000238ac551bd8]
Event: 31.260 Thread 0x00000238c0e54800 1960       3       java.lang.Module::implIsExportedOrOpen (92 bytes)

GC Heap History (4 events):
Event: 2.139 GC heap before
{Heap before GC invocations=0 (full 0):
 garbage-first heap   total 260096K, used 23552K [0x0000000702400000, 0x0000000800000000)
  region size 1024K, 24 young (24576K), 0 survivors (0K)
 Metaspace       used 16028K, capacity 16300K, committed 16384K, reserved 1064960K
  class space    used 1633K, capacity 1740K, committed 1792K, reserved 1048576K
}
Event: 2.146 GC heap after
{Heap after GC invocations=1 (full 0):
 garbage-first heap   total 260096K, used 6572K [0x0000000702400000, 0x0000000800000000)
  region size 1024K, 3 young (3072K), 3 survivors (3072K)
 Metaspace       used 16028K, capacity 16300K, committed 16384K, reserved 1064960K
  class space    used 1633K, capacity 1740K, committed 1792K, reserved 1048576K
}
Event: 3.147 GC heap before
{Heap before GC invocations=1 (full 0):
 garbage-first heap   total 260096K, used 21932K [0x0000000702400000, 0x0000000800000000)
  region size 1024K, 19 young (19456K), 3 survivors (3072K)
 Metaspace       used 20825K, capacity 21144K, committed 21296K, reserved 1069056K
  class space    used 2215K, capacity 2350K, committed 2432K, reserved 1048576K
}
Event: 3.155 GC heap after
{Heap after GC invocations=2 (full 0):
 garbage-first heap   total 260096K, used 8394K [0x0000000702400000, 0x0000000800000000)
  region size 1024K, 5 young (5120K), 5 survivors (5120K)
 Metaspace       used 20825K, capacity 21144K, committed 21296K, reserved 1069056K
  class space    used 2215K, capacity 2350K, committed 2432K, reserved 1048576K
}

Deoptimization events (10 events):
Event: 2.553 Thread 0x000002389ac9c000 Uncommon trap: reason=unstable_if action=reinterpret pc=0x00000238ac51d750 method=java.io.ByteArrayInputStream.read([BII)I @ 35 c2
Event: 2.558 Thread 0x000002389ac9c000 Uncommon trap: reason=unstable_if action=reinterpret pc=0x00000238ac4c9ec8 method=java.lang.StringUTF16.compress([CI[BII)I @ 20 c2
Event: 2.606 Thread 0x000002389ac9c000 Uncommon trap: reason=unstable_if action=reinterpret pc=0x00000238ac509f5c method=java.lang.String.replace(CC)Ljava/lang/String; @ 2 c2
Event: 2.625 Thread 0x00000238c22b2800 Uncommon trap: reason=unstable_if action=reinterpret pc=0x00000238ac511ccc method=java.lang.CharacterDataLatin1.digit(II)I @ 12 c2
Event: 3.197 Thread 0x000002389ac9c000 Uncommon trap: reason=unstable_if action=reinterpret pc=0x00000238ac50353c method=jdk.internal.org.objectweb.asm.Type.getArgumentsAndReturnSizes(Ljava/lang/String;)I @ 41 c2
Event: 3.322 Thread 0x000002389ac9c000 Uncommon trap: reason=unstable_if action=reinterpret pc=0x00000238ac531848 method=java.util.regex.Pattern$BmpCharProperty.match(Ljava/util/regex/Matcher;ILjava/lang/CharSequence;)Z @ 5 c2
Event: 3.382 Thread 0x000002389ac9c000 Uncommon trap: reason=unstable_if action=reinterpret pc=0x00000238ac4a1df8 method=java.lang.String.isLatin1()Z @ 10 c2
Event: 3.464 Thread 0x000002389ac9c000 Uncommon trap: reason=unstable_if action=reinterpret pc=0x00000238ac50f1c4 method=java.lang.CharacterDataLatin1.digit(II)I @ 12 c2
Event: 11.209 Thread 0x000002389ac9c000 Uncommon trap: reason=class_check action=maybe_recompile pc=0x00000238ac50ba90 method=java.util.concurrent.ConcurrentHashMap.putVal(Ljava/lang/Object;Ljava/lang/Object;Z)Ljava/lang/Object; @ 242 c2
Event: 11.222 Thread 0x000002389ac9c000 Uncommon trap: reason=unstable_if action=reinterpret pc=0x00000238ac50baf4 method=java.util.concurrent.ConcurrentHashMap.putVal(Ljava/lang/Object;Ljava/lang/Object;Z)Ljava/lang/Object; @ 231 c2

Classes redefined (0 events):
No events

Internal exceptions (10 events):
Event: 25.238 Thread 0x00000238c22b2800 Exception <a 'java/net/SocketTimeoutException'{0x00000007113bbc60}: connect timed out> (0x00000007113bbc60) thrown at [t:/workspace/open/src/hotspot/share/prims/jni.cpp, line 636]
Event: 26.059 Thread 0x00000238c22b2800 Exception <a 'java/net/SocketTimeoutException'{0x00000007113bcbd8}: connect timed out> (0x00000007113bcbd8) thrown at [t:/workspace/open/src/hotspot/share/prims/jni.cpp, line 636]
Event: 26.879 Thread 0x00000238c22b2800 Exception <a 'java/net/SocketTimeoutException'{0x00000007113bdb50}: connect timed out> (0x00000007113bdb50) thrown at [t:/workspace/open/src/hotspot/share/prims/jni.cpp, line 636]
Event: 27.701 Thread 0x00000238c22b2800 Exception <a 'java/net/SocketTimeoutException'{0x00000007113beac8}: connect timed out> (0x00000007113beac8) thrown at [t:/workspace/open/src/hotspot/share/prims/jni.cpp, line 636]
Event: 28.522 Thread 0x00000238c22b2800 Exception <a 'java/net/SocketTimeoutException'{0x00000007113bfa40}: connect timed out> (0x00000007113bfa40) thrown at [t:/workspace/open/src/hotspot/share/prims/jni.cpp, line 636]
Event: 29.344 Thread 0x00000238c22b2800 Exception <a 'java/net/SocketTimeoutException'{0x00000007113c09b8}: connect timed out> (0x00000007113c09b8) thrown at [t:/workspace/open/src/hotspot/share/prims/jni.cpp, line 636]
Event: 30.165 Thread 0x00000238c22b2800 Exception <a 'java/net/SocketTimeoutException'{0x00000007113c1930}: connect timed out> (0x00000007113c1930) thrown at [t:/workspace/open/src/hotspot/share/prims/jni.cpp, line 636]
Event: 30.985 Thread 0x00000238c22b2800 Exception <a 'java/net/SocketTimeoutException'{0x00000007113c28a8}: connect timed out> (0x00000007113c28a8) thrown at [t:/workspace/open/src/hotspot/share/prims/jni.cpp, line 636]
Event: 31.242 Thread 0x00000238c22b2800 Exception <a 'java/lang/InterruptedException'{0x00000007113c2be0}: sleep interrupted> (0x00000007113c2be0) thrown at [t:/workspace/open/src/hotspot/share/prims/jvm.cpp, line 3106]
Event: 31.247 Thread 0x000002389ac9c000 Exception <a 'java/lang/reflect/InvocationTargetException'{0x0000000711312b60}> (0x0000000711312b60) thrown at [t:/workspace/open/src/hotspot/share/runtime/reflection.cpp, line 1242]

Events (10 events):
Event: 11.747 loading class sun/net/util/SocketExceptions$1
Event: 11.747 loading class sun/net/util/SocketExceptions$1 done
Event: 31.248 loading class org/testng/internal/ExpectedExceptionsHolder
Event: 31.248 loading class org/testng/internal/ExpectedExceptionsHolder done
Event: 31.248 loading class org/testng/internal/RegexpExpectedExceptionsHolder
Event: 31.248 loading class org/testng/internal/RegexpExpectedExceptionsHolder done
Event: 31.249 loading class org/testng/internal/TestInvoker$StatusHolder
Event: 31.249 loading class org/testng/internal/TestInvoker$StatusHolder done
Event: 31.250 loading class org/testng/SkipException
Event: 31.250 loading class org/testng/SkipException done


Dynamic libraries:
0x00007ff7d6d70000 - 0x00007ff7d6db7000 	C:\Program Files\Java\jdk-11.0.5\bin\javaw.exe
0x00007fffcd1f0000 - 0x00007fffcd3dd000 	C:\Windows\SYSTEM32\ntdll.dll
0x00007fffccf90000 - 0x00007fffcd043000 	C:\Windows\System32\KERNEL32.DLL
0x00007fffc9e30000 - 0x00007fffca0c3000 	C:\Windows\System32\KERNELBASE.dll
0x00007fffca860000 - 0x00007fffca903000 	C:\Windows\System32\ADVAPI32.dll
0x00007fffcccd0000 - 0x00007fffccd6e000 	C:\Windows\System32\msvcrt.dll
0x00007fffcb260000 - 0x00007fffcb2fe000 	C:\Windows\System32\sechost.dll
0x00007fffcae30000 - 0x00007fffcaf52000 	C:\Windows\System32\RPCRT4.dll
0x00007fffcb0c0000 - 0x00007fffcb257000 	C:\Windows\System32\USER32.dll
0x00007fffca180000 - 0x00007fffca1a0000 	C:\Windows\System32\win32u.dll
0x00007fffcb090000 - 0x00007fffcb0b9000 	C:\Windows\System32\GDI32.dll
0x00007fffca250000 - 0x00007fffca3e9000 	C:\Windows\System32\gdi32full.dll
0x00007fffc9c90000 - 0x00007fffc9d30000 	C:\Windows\System32\msvcp_win.dll
0x00007fffc9d30000 - 0x00007fffc9e2a000 	C:\Windows\System32\ucrtbase.dll
0x00007fffc7fd0000 - 0x00007fffc7fda000 	C:\Windows\SYSTEM32\VERSION.dll
0x00007fffaf6a0000 - 0x00007fffaf919000 	C:\Windows\WinSxS\amd64_microsoft.windows.common-controls_6595b64144ccf1df_6.0.17763.973_none_05b245900721eb81\COMCTL32.dll
0x00007fffca420000 - 0x00007fffca74c000 	C:\Windows\System32\combase.dll
0x00007fffc9c10000 - 0x00007fffc9c8e000 	C:\Windows\System32\bcryptPrimitives.dll
0x00007fffccd70000 - 0x00007fffccd9e000 	C:\Windows\System32\IMM32.DLL
0x00007fffacf60000 - 0x00007fffad010000 	C:\Program Files\McAfee\Endpoint Security\Threat Prevention\Ips\EpMPApi.dll
0x00007fffca120000 - 0x00007fffca179000 	C:\Windows\System32\WINTRUST.dll
0x00007fffc9240000 - 0x00007fffc9252000 	C:\Windows\System32\MSASN1.dll
0x00007fffc9a30000 - 0x00007fffc9c0c000 	C:\Windows\System32\CRYPT32.dll
0x0000000065750000 - 0x000000006575c000 	C:\Program Files\McAfee\Endpoint Security\Threat Prevention\Ips\EpMPThe.dll
0x00007fffb8340000 - 0x00007fffb8356000 	C:\Program Files\Java\jdk-11.0.5\bin\vcruntime140.dll
0x00007fffb3310000 - 0x00007fffb33ba000 	C:\Program Files\Java\jdk-11.0.5\bin\msvcp140.dll
0x00007fff72990000 - 0x00007fff734b8000 	C:\Program Files\Java\jdk-11.0.5\bin\server\jvm.dll
0x00007fffca410000 - 0x00007fffca418000 	C:\Windows\System32\PSAPI.DLL
0x00007fffbe610000 - 0x00007fffbe634000 	C:\Windows\SYSTEM32\WINMM.dll
0x00007fffaed90000 - 0x00007fffaed99000 	C:\Windows\SYSTEM32\WSOCK32.dll
0x00007fffcce70000 - 0x00007fffccedd000 	C:\Windows\System32\WS2_32.dll
0x00007fffbe5e0000 - 0x00007fffbe60d000 	C:\Windows\SYSTEM32\winmmbase.dll
0x00007fffca0d0000 - 0x00007fffca11a000 	C:\Windows\System32\cfgmgr32.dll
0x00007fffc9260000 - 0x00007fffc9271000 	C:\Windows\System32\kernel.appcore.dll
0x00007fff72970000 - 0x00007fff72981000 	C:\Program Files\Java\jdk-11.0.5\bin\verify.dll
0x00007fffc67a0000 - 0x00007fffc698d000 	C:\Windows\SYSTEM32\DBGHELP.DLL
0x00007fffc13e0000 - 0x00007fffc140a000 	C:\Windows\SYSTEM32\dbgcore.DLL
0x00007fff72710000 - 0x00007fff72739000 	C:\Program Files\Java\jdk-11.0.5\bin\java.dll
0x00007fff72910000 - 0x00007fff72926000 	C:\Program Files\Java\jdk-11.0.5\bin\zip.dll
0x00007fff76350000 - 0x00007fff7635a000 	C:\Program Files\Java\jdk-11.0.5\bin\jimage.dll
0x00007fffcb310000 - 0x00007fffcc804000 	C:\Windows\System32\SHELL32.dll
0x00007fffca7b0000 - 0x00007fffca858000 	C:\Windows\System32\shcore.dll
0x00007fffc92e0000 - 0x00007fffc9a2d000 	C:\Windows\System32\windows.storage.dll
0x00007fffc9280000 - 0x00007fffc92a4000 	C:\Windows\System32\profapi.dll
0x00007fffc91e0000 - 0x00007fffc923d000 	C:\Windows\System32\powrprof.dll
0x00007fffcca60000 - 0x00007fffccab2000 	C:\Windows\System32\shlwapi.dll
0x00007fffca3f0000 - 0x00007fffca407000 	C:\Windows\System32\cryptsp.dll
0x00007fff728d0000 - 0x00007fff728e9000 	C:\Program Files\Java\jdk-11.0.5\bin\net.dll
0x00007fffc7130000 - 0x00007fffc7222000 	C:\Windows\SYSTEM32\WINHTTP.dll
0x00007fffc8a50000 - 0x00007fffc8ab7000 	C:\Windows\system32\mswsock.dll
0x00007fff728f0000 - 0x00007fff72903000 	C:\Program Files\Java\jdk-11.0.5\bin\nio.dll
0x00007fffc87b0000 - 0x00007fffc8876000 	C:\Windows\SYSTEM32\DNSAPI.dll
0x00007fffcc810000 - 0x00007fffcc818000 	C:\Windows\System32\NSI.dll
0x00007fffc8770000 - 0x00007fffc87ad000 	C:\Windows\SYSTEM32\IPHLPAPI.DLL
0x0000000066690000 - 0x00000000666b6000 	C:\Program Files\Bonjour\mdnsNSP.dll
0x00007fffbead0000 - 0x00007fffbeada000 	C:\Windows\System32\rasadhlp.dll
0x00007fffc3bb0000 - 0x00007fffc3c29000 	C:\Windows\System32\fwpuclnt.dll
0x00007fffc92b0000 - 0x00007fffc92d6000 	C:\Windows\System32\bcrypt.dll
0x00007fffc8370000 - 0x00007fffc83a3000 	C:\Windows\system32\rsaenh.dll
0x00007fffc90e0000 - 0x00007fffc9108000 	C:\Windows\SYSTEM32\USERENV.dll
0x00007fffc8c20000 - 0x00007fffc8c2c000 	C:\Windows\SYSTEM32\CRYPTBASE.dll
0x00007fffc32c0000 - 0x00007fffc32d6000 	C:\Windows\SYSTEM32\dhcpcsvc6.DLL
0x00007fffc3290000 - 0x00007fffc32ac000 	C:\Windows\SYSTEM32\dhcpcsvc.DLL
0x00007fffab8a0000 - 0x00007fffab8b6000 	C:\Windows\system32\napinsp.dll
0x00007fffab750000 - 0x00007fffab76a000 	C:\Windows\system32\pnrpnsp.dll
0x00007fffab720000 - 0x00007fffab72e000 	C:\Windows\System32\winrnr.dll
0x00007fffc1410000 - 0x00007fffc142b000 	C:\Windows\system32\NLAapi.dll
0x00007fffc14a0000 - 0x00007fffc14b5000 	C:\Windows\system32\wshbth.dll
0x00007fffc0c10000 - 0x00007fffc0c1d000 	C:\Program Files\Java\jdk-11.0.5\bin\sunmscapi.dll
0x00007fffc8d20000 - 0x00007fffc8d46000 	C:\Windows\SYSTEM32\ncrypt.dll
0x00007fffc8ce0000 - 0x00007fffc8d1c000 	C:\Windows\SYSTEM32\NTASN1.dll
0x00007fffbe980000 - 0x00007fffbe9a7000 	C:\Program Files\Java\jdk-11.0.5\bin\sunec.dll

dbghelp: loaded successfully - version: 4.0.5 - missing functions: none
symbol engine: initialized successfully - sym options: 0x614 - pdb path: .;C:\Program Files\Java\jdk-11.0.5\bin;C:\Windows\SYSTEM32;C:\Windows\WinSxS\amd64_microsoft.windows.common-controls_6595b64144ccf1df_6.0.17763.973_none_05b245900721eb81;C:\Program Files\McAfee\Endpoint Security\Threat Prevention\Ips;C:\Program Files\Java\jdk-11.0.5\bin\server;C:\Program Files\Bonjour

VM Arguments:
jvm_args: -ea -Dfile.encoding=Cp1252 
java_command: org.testng.remote.RemoteTestNG -serport 59411 -protocol json -d D:\Eclipse\Amazon_Assignment\test-output C:\Users\ANAMIK~1\AppData\Local\Temp\testng-eclipse--1894248050\testng-customsuite.xml
java_class_path (initial): C:\Users\anamikasaluja\eclipse\java-2019-12\eclipse\configuration\org.eclipse.osgi\494\0\.cp\lib\testng-remote.jar;D:\Eclipse\Amazon_Assignment\target\test-classes;D:\Eclipse\Amazon_Assignment\target\classes;C:\Users\anamikasaluja\.p2\pool\plugins\org.testng_7.2.0.r202003151902.jar;C:\Users\anamikasaluja\.p2\pool\plugins\com.beust.jcommander_1.72.0.jar;C:\Users\anamikasaluja\.p2\pool\plugins\org.apache-extras.beanshell.bsh_2.0.0.b6.jar;C:\Users\anamikasaluja\.p2\pool\plugins\org.yaml.snakeyaml_1.21.0.jar;C:\Users\anamikasaluja\Downloads\selenium-server-3.141.59\libs\bundle-jars.jar;C:\Users\anamikasaluja\Downloads\selenium-server-3.141.59\libs\byte-buddy-1.8.15.jar;C:\Users\anamikasaluja\Downloads\selenium-server-3.141.59\libs\commons-exec-1.3.jar;C:\Users\anamikasaluja\Downloads\selenium-server-3.141.59\libs\guava-25.0-jre.jar;C:\Users\anamikasaluja\Downloads\selenium-server-3.141.59\libs\javax.servlet-api-3.1.0.jar;C:\Users\anamikasaluja\Downloads\selenium-server-3.141.59\libs\jcip-annotations-1.0.jar;C:\Users\anamikasaluja\Downloads\selenium-server-3.141.59\libs\jcommander-1.72.jar;C:\Users\anamikasaluja\Downloads\selenium-server-3.141.59\libs\okhttp-3.11.0.jar;C:\Users\anamikasaluja\Downloads\selenium-server-3.141.59\libs\okio-1.14.0.jar;C:\Users\anamikasaluja\Downloads\selenium-server-3.141.59\libs\snakeyaml-1.19.jar;D:\Eclipse\Selenium_Code-Oct_8\Selenium Code - Oct 18\Selenium Code - Oct 18\poi\dom4j-1.1.jar;D:\Eclipse\Selenium_Code-Oct_8\Selenium Code - Oct 18\Selenium Code - Oct 18\poi\poi-3.6-20091214.jar;D:\Eclipse\Selenium_Code-Oct_8\Selenium Code - Oct 18\Selenium Code - Oct 18\poi\poi-ooxml-3.6-20091214.jar;D:\Eclipse\Selenium_Code-Oct_8\Selenium Code - Oct 18\Selenium Code - Oct 18\poi\poi-ooxml-schemas-3.6-20091214.jar;D:\Eclipse\Selenium_Code-Oct_8\Selenium Code - Oct 18\Selenium Code - Oct 18\poi\xmlbeans-2.3.0.jar;C:\Users\anamikasaluja\.m2\repository\org\testng\testng\7.1.0\testng-7.1.0.jar;C:\Users\anamikasaluja\.m2\
Launcher Type: SUN_STANDARD

[Global flags]
     intx CICompilerCount                          = 4                                         {product} {ergonomic}
     uint ConcGCThreads                            = 2                                         {product} {ergonomic}
     uint G1ConcRefinementThreads                  = 8                                         {product} {ergonomic}
   size_t G1HeapRegionSize                         = 1048576                                   {product} {ergonomic}
    uintx GCDrainStackTargetSize                   = 64                                        {product} {ergonomic}
   size_t InitialHeapSize                          = 266338304                                 {product} {ergonomic}
   size_t MarkStackSize                            = 4194304                                   {product} {ergonomic}
   size_t MaxHeapSize                              = 4257218560                                {product} {ergonomic}
   size_t MaxNewSize                               = 2554331136                                {product} {ergonomic}
   size_t MinHeapDeltaBytes                        = 1048576                                   {product} {ergonomic}
    uintx NonNMethodCodeHeapSize                   = 5836300                                {pd product} {ergonomic}
    uintx NonProfiledCodeHeapSize                  = 122910970                              {pd product} {ergonomic}
    uintx ProfiledCodeHeapSize                     = 122910970                              {pd product} {ergonomic}
    uintx ReservedCodeCacheSize                    = 251658240                              {pd product} {ergonomic}
     bool SegmentedCodeCache                       = true                                      {product} {ergonomic}
     bool UseCompressedClassPointers               = true                                 {lp64_product} {ergonomic}
     bool UseCompressedOops                        = true                                 {lp64_product} {ergonomic}
     bool UseG1GC                                  = true                                      {product} {ergonomic}
     bool UseLargePagesIndividualAllocation        = false                                  {pd product} {ergonomic}

Logging:
Log output configuration:
 #0: stdout all=warning uptime,level,tags
 #1: stderr all=off uptime,level,tags

Environment Variables:
CLASSPATH=C:\Program Files\Java\jdk-11.0.5\lib
PATH=C:/Program Files/Java/jdk-11.0.5/bin/server;C:/Program Files/Java/jdk-11.0.5/bin;C:\Program Files (x86)\Intel\Intel(R) Management Engine Components\iCLS\;C:\Program Files\Intel\Intel(R) Management Engine Components\iCLS\;C:\Windows\system32;C:\Windows;C:\Windows\System32\Wbem;C:\Windows\System32\WindowsPowerShell\v1.0\;C:\Windows\System32\OpenSSH\;C:\Program Files (x86)\Intel\Intel(R) Management Engine Components\DAL;C:\Program Files\Intel\Intel(R) Management Engine Components\DAL;C:\Program Files\TortoiseSVN\bin;C:\Program Files\Intel\WiFi\bin\;C:\Program Files\Common Files\Intel\WirelessCommon\;C:\apache-maven-3.6.3\bin;C:\Program Files\dotnet\;C:\Program Files\Microsoft SQL Server\130\Tools\Binn\;C:\Program Files\Microsoft SQL Server\Client SDK\ODBC\170\Tools\Binn\;C:\Program Files\Java\jdk-11.0.5\bin;C:\Windows\system32;
USERNAME=anamikasaluja
OS=Windows_NT
PROCESSOR_IDENTIFIER=Intel64 Family 6 Model 142 Stepping 10, GenuineIntel



---------------  S Y S T E M  ---------------

OS: Windows 10 , 64 bit Build 17763 (10.0.17763.475)

CPU:total 8 (initial active 8) (4 cores per cpu, 2 threads per core) family 6 model 142 stepping 10, cmov, cx8, fxsr, mmx, sse, sse2, sse3, ssse3, sse4.1, sse4.2, popcnt, avx, avx2, aes, clmul, erms, 3dnowpref, lzcnt, ht, tsc, tscinvbit, bmi1, bmi2, adx, fma

Memory: 4k page, system-wide physical 16238M (4817M free)
TotalPageFile size 27794M (AvailPageFile size 0M)
current process WorkingSet (physical memory assigned to process): 104M, peak: 113M
current process commit charge ("private bytes"): 370M, peak: 378M

vm_info: Java HotSpot(TM) 64-Bit Server VM (11.0.5+10-LTS) for windows-amd64 JRE (11.0.5+10-LTS), built on Oct  6 2019 12:37:14 by "mach5one" with MS VC++ 15.5 (VS2017)

END.
